10-09-2020 16:43:07.007 Lucky_PROD_Suite - TestBase.java : setupSuit INFO  [main] 90 - created Folder for Report: /Users/krish/Automation/Automation-libs/test-output/10092020
10-09-2020 16:43:10.010 base.TLDriverFactory - TLDriverFactory.java : setDriver INFO  [TestNG-tests-2] 77 - 
Attempted: 56. Failure to find device(R58N70GGVZH), Retrying.....
org.openqa.selenium.SessionNotCreatedException: Unable to create a new remote session. Please check the server log for more details. Original error: An unknown server-side error occurred while processing the command. Original error: Could not find 'adb' in PATH. Please set the ANDROID_HOME or ANDROID_SDK_ROOT environment variables to the corect Android SDK root directory path.
Build info: version: '3.141.59', revision: 'e82be7d358', time: '2018-11-14T08:17:03'
System info: host: 'A05SA619.bell.corp.bce.ca', ip: 'fd00:688f:2ed1:1682:4dd2:3a34:1b51:cb49%en0', os.name: 'Mac OS X', os.arch: 'x86_64', os.version: '10.15.6', java.version: '1.8.0_251'
Driver info: driver.version: AndroidDriver
remote stacktrace: UnknownError: An unknown server-side error occurred while processing the command. Original error: Could not find 'adb' in PATH. Please set the ANDROID_HOME or ANDROID_SDK_ROOT environment variables to the corect Android SDK root directory path.
    at getResponseForW3CError (/usr/local/lib/node_modules/appium/node_modules/appium-base-driver/lib/protocol/errors.js:804:9)
    at asyncHandler (/usr/local/lib/node_modules/appium/node_modules/appium-base-driver/lib/protocol/protocol.js:388:37)
Build info: version: '3.141.59', revision: 'e82be7d358', time: '2018-11-14T08:17:03'
System info: host: 'A05SA619.bell.corp.bce.ca', ip: 'fd00:688f:2ed1:1682:4dd2:3a34:1b51:cb49%en0', os.name: 'Mac OS X', os.arch: 'x86_64', os.version: '10.15.6', java.version: '1.8.0_251'
Driver info: driver.version: AndroidDriver
10-09-2020 16:43:11.011 base.TLDriverFactory - TLDriverFactory.java : setDriver INFO  [TestNG-tests-2] 77 - 
Attempted: 57. Failure to find device(R58N70GGVZH), Retrying.....
org.openqa.selenium.SessionNotCreatedException: Unable to create a new remote session. Please check the server log for more details. Original error: An unknown server-side error occurred while processing the command. Original error: Could not find 'adb' in PATH. Please set the ANDROID_HOME or ANDROID_SDK_ROOT environment variables to the corect Android SDK root directory path.
Build info: version: '3.141.59', revision: 'e82be7d358', time: '2018-11-14T08:17:03'
System info: host: 'A05SA619.bell.corp.bce.ca', ip: 'fd00:688f:2ed1:1682:4dd2:3a34:1b51:cb49%en0', os.name: 'Mac OS X', os.arch: 'x86_64', os.version: '10.15.6', java.version: '1.8.0_251'
Driver info: driver.version: AndroidDriver
remote stacktrace: UnknownError: An unknown server-side error occurred while processing the command. Original error: Could not find 'adb' in PATH. Please set the ANDROID_HOME or ANDROID_SDK_ROOT environment variables to the corect Android SDK root directory path.
    at getResponseForW3CError (/usr/local/lib/node_modules/appium/node_modules/appium-base-driver/lib/protocol/errors.js:804:9)
    at asyncHandler (/usr/local/lib/node_modules/appium/node_modules/appium-base-driver/lib/protocol/protocol.js:388:37)
Build info: version: '3.141.59', revision: 'e82be7d358', time: '2018-11-14T08:17:03'
System info: host: 'A05SA619.bell.corp.bce.ca', ip: 'fd00:688f:2ed1:1682:4dd2:3a34:1b51:cb49%en0', os.name: 'Mac OS X', os.arch: 'x86_64', os.version: '10.15.6', java.version: '1.8.0_251'
Driver info: driver.version: AndroidDriver
10-09-2020 16:43:12.012 base.TLDriverFactory - TLDriverFactory.java : setDriver INFO  [TestNG-tests-2] 77 - 
Attempted: 58. Failure to find device(R58N70GGVZH), Retrying.....
org.openqa.selenium.SessionNotCreatedException: Unable to create a new remote session. Please check the server log for more details. Original error: An unknown server-side error occurred while processing the command. Original error: Could not find 'adb' in PATH. Please set the ANDROID_HOME or ANDROID_SDK_ROOT environment variables to the corect Android SDK root directory path.
Build info: version: '3.141.59', revision: 'e82be7d358', time: '2018-11-14T08:17:03'
System info: host: 'A05SA619.bell.corp.bce.ca', ip: 'fd00:688f:2ed1:1682:4dd2:3a34:1b51:cb49%en0', os.name: 'Mac OS X', os.arch: 'x86_64', os.version: '10.15.6', java.version: '1.8.0_251'
Driver info: driver.version: AndroidDriver
remote stacktrace: UnknownError: An unknown server-side error occurred while processing the command. Original error: Could not find 'adb' in PATH. Please set the ANDROID_HOME or ANDROID_SDK_ROOT environment variables to the corect Android SDK root directory path.
    at getResponseForW3CError (/usr/local/lib/node_modules/appium/node_modules/appium-base-driver/lib/protocol/errors.js:804:9)
    at asyncHandler (/usr/local/lib/node_modules/appium/node_modules/appium-base-driver/lib/protocol/protocol.js:388:37)
Build info: version: '3.141.59', revision: 'e82be7d358', time: '2018-11-14T08:17:03'
System info: host: 'A05SA619.bell.corp.bce.ca', ip: 'fd00:688f:2ed1:1682:4dd2:3a34:1b51:cb49%en0', os.name: 'Mac OS X', os.arch: 'x86_64', os.version: '10.15.6', java.version: '1.8.0_251'
Driver info: driver.version: AndroidDriver
10-09-2020 16:43:13.013 base.TLDriverFactory - TLDriverFactory.java : setDriver INFO  [TestNG-tests-2] 77 - 
Attempted: 59. Failure to find device(R58N70GGVZH), Retrying.....
org.openqa.selenium.SessionNotCreatedException: Unable to create a new remote session. Please check the server log for more details. Original error: An unknown server-side error occurred while processing the command. Original error: Could not find 'adb' in PATH. Please set the ANDROID_HOME or ANDROID_SDK_ROOT environment variables to the corect Android SDK root directory path.
Build info: version: '3.141.59', revision: 'e82be7d358', time: '2018-11-14T08:17:03'
System info: host: 'A05SA619.bell.corp.bce.ca', ip: 'fd00:688f:2ed1:1682:4dd2:3a34:1b51:cb49%en0', os.name: 'Mac OS X', os.arch: 'x86_64', os.version: '10.15.6', java.version: '1.8.0_251'
Driver info: driver.version: AndroidDriver
remote stacktrace: UnknownError: An unknown server-side error occurred while processing the command. Original error: Could not find 'adb' in PATH. Please set the ANDROID_HOME or ANDROID_SDK_ROOT environment variables to the corect Android SDK root directory path.
    at getResponseForW3CError (/usr/local/lib/node_modules/appium/node_modules/appium-base-driver/lib/protocol/errors.js:804:9)
    at asyncHandler (/usr/local/lib/node_modules/appium/node_modules/appium-base-driver/lib/protocol/protocol.js:388:37)
Build info: version: '3.141.59', revision: 'e82be7d358', time: '2018-11-14T08:17:03'
System info: host: 'A05SA619.bell.corp.bce.ca', ip: 'fd00:688f:2ed1:1682:4dd2:3a34:1b51:cb49%en0', os.name: 'Mac OS X', os.arch: 'x86_64', os.version: '10.15.6', java.version: '1.8.0_251'
Driver info: driver.version: AndroidDriver
10-09-2020 16:43:14.014 base.TLDriverFactory - TLDriverFactory.java : setDriver INFO  [TestNG-tests-2] 77 - 
Attempted: 60. Failure to find device(R58N70GGVZH), Retrying.....
org.openqa.selenium.SessionNotCreatedException: Unable to create a new remote session. Please check the server log for more details. Original error: An unknown server-side error occurred while processing the command. Original error: Could not find 'adb' in PATH. Please set the ANDROID_HOME or ANDROID_SDK_ROOT environment variables to the corect Android SDK root directory path.
Build info: version: '3.141.59', revision: 'e82be7d358', time: '2018-11-14T08:17:03'
System info: host: 'A05SA619.bell.corp.bce.ca', ip: 'fd00:688f:2ed1:1682:4dd2:3a34:1b51:cb49%en0', os.name: 'Mac OS X', os.arch: 'x86_64', os.version: '10.15.6', java.version: '1.8.0_251'
Driver info: driver.version: AndroidDriver
remote stacktrace: UnknownError: An unknown server-side error occurred while processing the command. Original error: Could not find 'adb' in PATH. Please set the ANDROID_HOME or ANDROID_SDK_ROOT environment variables to the corect Android SDK root directory path.
    at getResponseForW3CError (/usr/local/lib/node_modules/appium/node_modules/appium-base-driver/lib/protocol/errors.js:804:9)
    at asyncHandler (/usr/local/lib/node_modules/appium/node_modules/appium-base-driver/lib/protocol/protocol.js:388:37)
Build info: version: '3.141.59', revision: 'e82be7d358', time: '2018-11-14T08:17:03'
System info: host: 'A05SA619.bell.corp.bce.ca', ip: 'fd00:688f:2ed1:1682:4dd2:3a34:1b51:cb49%en0', os.name: 'Mac OS X', os.arch: 'x86_64', os.version: '10.15.6', java.version: '1.8.0_251'
Driver info: driver.version: AndroidDriver
10-09-2020 16:43:15.015 Lucky_PROD_Suite - TestBase.java : BeforeClass ERROR [TestNG-tests-2] 178 - session failed : null
10-09-2020 16:43:16.016 Lucky_PROD_Suite - TestListener.java : onTestSkipped WARN  [TestNG-tests-2] 123 - Test Skipped : PlaystoreUpdateScript : R58N70GGVZH_samsung SM-A515W R58N70GGVZH
10-09-2020 16:43:46.046 Lucky_PROD_Suite - TestBase.java : BeforeClass INFO  [TestNG-tests-1] 194 - Test Details : TestFlightUpdateScript : ios : iPhone 11 Pro : 00008030-001A550A2643802E
10-09-2020 16:44:12.012 Lucky_PROD_Suite - TestBase.java : BeforeClass INFO  [TestNG-tests-1] 194 - Test Details : TestFlightUpdateScript : ios : iPhone 11 Pro : 00008030-001A550A2643802E
10-09-2020 16:44:23.023 Lucky_PROD_Suite - TestBase.java : BeforeClass INFO  [TestNG-tests-2] 194 - Test Details : PlaystoreUpdateScript : Android : samsung SM-A515W R58N70GGVZH : R58N70GGVZH
10-09-2020 16:44:50.050 Lucky_PROD_Suite - BaseObjs.java : logmessage INFO  [TestNG-tests-2] 193 - Left Navigate Button clicked
10-09-2020 16:44:55.055 Lucky_PROD_Suite - BaseObjs.java : logmessage INFO  [TestNG-tests-2] 193 - 'My apps & games' link clicked
10-09-2020 16:45:09.009 Lucky_PROD_Suite - BaseObjs.java : logmessage INFO  [TestNG-tests-2] 193 - 'UPDATE ALL' button clicked
10-09-2020 16:45:11.011 Lucky_PROD_Suite - TestListener.java : onTestFailure ERROR [TestNG-tests-2] 82 - Test failed : PlaystoreUpdateScript : R58N70GGVZH_samsung SM-A515W R58N70GGVZH
10-09-2020 16:46:46.046 Lucky_PROD_Suite - BaseObjs.java : logmessage INFO  [TestNG-tests-1] 193 - Verification Success : 'Apps' Vs 'Apps'
10-09-2020 16:46:51.051 Lucky_PROD_Suite - TestFlight.java : TestFlightUpdateScript INFO  [TestNG-tests-1] 73 - Total 'UPDATE' or 'INSTALL' buttons : 2
10-09-2020 16:47:52.052 Lucky_PROD_Suite - BaseObjs.java : logmessage INFO  [TestNG-tests-1] 193 - UPDATE- button clicked
10-09-2020 16:47:53.053 Lucky_PROD_Suite - BaseObjs.java : logmessage INFO  [TestNG-tests-1] 193 - UPDATE- button clicked
10-09-2020 16:48:00.000 Lucky_PROD_Suite - MobileActions.java : toggleWifiON INFO  [TestNG-tests-1] 380 - WIFI OFF
10-09-2020 16:48:01.001 Lucky_PROD_Suite - MobileActions.java : toggleWifiON INFO  [TestNG-tests-1] 390 - App Restarted
10-09-2020 16:48:01.001 Lucky_PROD_Suite - TestFlight.java : TestFlightUpdateScript INFO  [TestNG-tests-1] 86 - BUILD_NUMBER : null
10-09-2020 16:48:01.001 Lucky_PROD_Suite - TestListener.java : onTestFailure ERROR [TestNG-tests-1] 82 - Test failed : TestFlightUpdateScript : auto_ERROR:Deviceautonotfound!
10-09-2020 16:48:02.002 Lucky_PROD_Suite - TestBase.java : endSuit INFO  [main] 270 - /Users/krish/Automation/Automation-libs/test-output/10092020/AUTOMATION_REPORT.html
10-09-2020 16:48:33.033 Lucky_PROD_Suite - TestBase.java : BeforeClass INFO  [TestNG-tests-2] 194 - Test Details : PlaystoreUpdateScript : Android : samsung SM-A515W R58N70GGVZH : R58N70GGVZH
10-09-2020 16:48:35.035 Lucky_PROD_Suite - TestBase.java : BeforeClass INFO  [TestNG-tests-1] 194 - Test Details : TestFlightUpdateScript : ios : iPhone 11 Pro : 00008030-001A550A2643802E
10-09-2020 16:49:02.002 Lucky_PROD_Suite - BaseObjs.java : logmessage INFO  [TestNG-tests-2] 193 - Left Navigate Button clicked
10-09-2020 16:49:07.007 Lucky_PROD_Suite - BaseObjs.java : logmessage INFO  [TestNG-tests-2] 193 - 'My apps & games' link clicked
10-09-2020 16:49:23.023 Lucky_PROD_Suite - BaseObjs.java : logmessage INFO  [TestNG-tests-2] 193 - 'UPDATE ALL' button is NOT FOUND
10-09-2020 16:49:24.024 Lucky_PROD_Suite - TestBase.java : AfterClass INFO  [TestNG-tests-2] 233 - app close
10-09-2020 16:49:24.024 Lucky_PROD_Suite - TestBase.java : AfterClass INFO  [TestNG-tests-2] 238 - THE END
10-09-2020 16:49:24.024 Lucky_PROD_Suite - TestBase.java : AfterClass INFO  [TestNG-tests-2] 242 - TLdriver quit - done
10-09-2020 16:51:08.008 Lucky_PROD_Suite - BaseObjs.java : logmessage INFO  [TestNG-tests-1] 193 - Verification Success : 'Apps' Vs 'Apps'
10-09-2020 16:54:26.026 Lucky_PROD_Suite - TestFlight.java : TestFlightUpdateScript INFO  [TestNG-tests-1] 82 - No 'UPDATE' or 'INSTALL' buttons found
10-09-2020 16:54:26.026 Lucky_PROD_Suite - TestFlight.java : TestFlightUpdateScript INFO  [TestNG-tests-1] 85 - BUILD_NUMBER : null
10-09-2020 16:54:27.027 Lucky_PROD_Suite - TestBase.java : AfterClass INFO  [TestNG-tests-1] 233 - app close
10-09-2020 16:54:27.027 Lucky_PROD_Suite - TestBase.java : AfterClass INFO  [TestNG-tests-1] 238 - THE END
10-09-2020 16:54:27.027 Lucky_PROD_Suite - TestBase.java : AfterClass INFO  [TestNG-tests-1] 242 - TLdriver quit - done
10-09-2020 16:54:29.029 Lucky_PROD_Suite - TestBase.java : endSuit INFO  [main] 270 - /Users/krish/Automation/Automation-libs/test-output/10092020/AUTOMATION_REPORT.html
10-13-2020 13:46:46.046 MySuite - TestBase.java : setupSuit INFO  [main] 90 - created Folder for Report: /Users/krish/Automation/Automation-libs/test-output/10132020
10-13-2020 13:47:28.028 MySuite - TestBase.java : BeforeClass INFO  [TestNG-tests-1] 194 - Test Details : TestFlightUpdateScript : ios : iPhone 11 Pro : 00008030-001A550A2643802E
10-13-2020 13:50:31.031 MySuite - BaseObjs.java : logmessage INFO  [TestNG-tests-1] 197 - 'Apps' header text -  Not Found in 'TestFlight' app
10-13-2020 13:50:31.031 MySuite - TestBase.java : AfterClass INFO  [TestNG-tests-1] 233 - app close
10-13-2020 13:50:31.031 MySuite - TestBase.java : AfterClass INFO  [TestNG-tests-1] 238 - THE END
10-13-2020 13:50:31.031 MySuite - TestBase.java : AfterClass INFO  [TestNG-tests-1] 242 - TLdriver quit - done
10-13-2020 13:50:36.036 base.TLDriverFactory - TLDriverFactory.java : setDriver INFO  [TestNG-tests-1] 77 - 
Attempted: 56. Failure to find device(R58N70GGVZH), Retrying.....
org.openqa.selenium.SessionNotCreatedException: Unable to create a new remote session. Please check the server log for more details. Original error: An unknown server-side error occurred while processing the command. Original error: Could not find 'adb' in PATH. Please set the ANDROID_HOME or ANDROID_SDK_ROOT environment variables to the corect Android SDK root directory path.
Build info: version: '3.141.59', revision: 'e82be7d358', time: '2018-11-14T08:17:03'
System info: host: 'D1RCZ4.bell.corp.bce.ca', ip: 'fd00:688f:2ed1:1682:b9bd:8fd1:e9ac:1390%en0', os.name: 'Mac OS X', os.arch: 'x86_64', os.version: '10.15.6', java.version: '1.8.0_251'
Driver info: driver.version: AndroidDriver
remote stacktrace: UnknownError: An unknown server-side error occurred while processing the command. Original error: Could not find 'adb' in PATH. Please set the ANDROID_HOME or ANDROID_SDK_ROOT environment variables to the corect Android SDK root directory path.
    at getResponseForW3CError (/usr/local/lib/node_modules/appium/node_modules/appium-base-driver/lib/protocol/errors.js:804:9)
    at asyncHandler (/usr/local/lib/node_modules/appium/node_modules/appium-base-driver/lib/protocol/protocol.js:388:37)
Build info: version: '3.141.59', revision: 'e82be7d358', time: '2018-11-14T08:17:03'
System info: host: 'D1RCZ4.bell.corp.bce.ca', ip: 'fd00:688f:2ed1:1682:b9bd:8fd1:e9ac:1390%en0', os.name: 'Mac OS X', os.arch: 'x86_64', os.version: '10.15.6', java.version: '1.8.0_251'
Driver info: driver.version: AndroidDriver
10-13-2020 13:50:37.037 base.TLDriverFactory - TLDriverFactory.java : setDriver INFO  [TestNG-tests-1] 77 - 
Attempted: 57. Failure to find device(R58N70GGVZH), Retrying.....
org.openqa.selenium.SessionNotCreatedException: Unable to create a new remote session. Please check the server log for more details. Original error: An unknown server-side error occurred while processing the command. Original error: Could not find 'adb' in PATH. Please set the ANDROID_HOME or ANDROID_SDK_ROOT environment variables to the corect Android SDK root directory path.
Build info: version: '3.141.59', revision: 'e82be7d358', time: '2018-11-14T08:17:03'
System info: host: 'D1RCZ4.bell.corp.bce.ca', ip: 'fd00:688f:2ed1:1682:b9bd:8fd1:e9ac:1390%en0', os.name: 'Mac OS X', os.arch: 'x86_64', os.version: '10.15.6', java.version: '1.8.0_251'
Driver info: driver.version: AndroidDriver
remote stacktrace: UnknownError: An unknown server-side error occurred while processing the command. Original error: Could not find 'adb' in PATH. Please set the ANDROID_HOME or ANDROID_SDK_ROOT environment variables to the corect Android SDK root directory path.
    at getResponseForW3CError (/usr/local/lib/node_modules/appium/node_modules/appium-base-driver/lib/protocol/errors.js:804:9)
    at asyncHandler (/usr/local/lib/node_modules/appium/node_modules/appium-base-driver/lib/protocol/protocol.js:388:37)
Build info: version: '3.141.59', revision: 'e82be7d358', time: '2018-11-14T08:17:03'
System info: host: 'D1RCZ4.bell.corp.bce.ca', ip: 'fd00:688f:2ed1:1682:b9bd:8fd1:e9ac:1390%en0', os.name: 'Mac OS X', os.arch: 'x86_64', os.version: '10.15.6', java.version: '1.8.0_251'
Driver info: driver.version: AndroidDriver
10-13-2020 13:50:38.038 base.TLDriverFactory - TLDriverFactory.java : setDriver INFO  [TestNG-tests-1] 77 - 
Attempted: 58. Failure to find device(R58N70GGVZH), Retrying.....
org.openqa.selenium.SessionNotCreatedException: Unable to create a new remote session. Please check the server log for more details. Original error: An unknown server-side error occurred while processing the command. Original error: Could not find 'adb' in PATH. Please set the ANDROID_HOME or ANDROID_SDK_ROOT environment variables to the corect Android SDK root directory path.
Build info: version: '3.141.59', revision: 'e82be7d358', time: '2018-11-14T08:17:03'
System info: host: 'D1RCZ4.bell.corp.bce.ca', ip: 'fd00:688f:2ed1:1682:b9bd:8fd1:e9ac:1390%en0', os.name: 'Mac OS X', os.arch: 'x86_64', os.version: '10.15.6', java.version: '1.8.0_251'
Driver info: driver.version: AndroidDriver
remote stacktrace: UnknownError: An unknown server-side error occurred while processing the command. Original error: Could not find 'adb' in PATH. Please set the ANDROID_HOME or ANDROID_SDK_ROOT environment variables to the corect Android SDK root directory path.
    at getResponseForW3CError (/usr/local/lib/node_modules/appium/node_modules/appium-base-driver/lib/protocol/errors.js:804:9)
    at asyncHandler (/usr/local/lib/node_modules/appium/node_modules/appium-base-driver/lib/protocol/protocol.js:388:37)
Build info: version: '3.141.59', revision: 'e82be7d358', time: '2018-11-14T08:17:03'
System info: host: 'D1RCZ4.bell.corp.bce.ca', ip: 'fd00:688f:2ed1:1682:b9bd:8fd1:e9ac:1390%en0', os.name: 'Mac OS X', os.arch: 'x86_64', os.version: '10.15.6', java.version: '1.8.0_251'
Driver info: driver.version: AndroidDriver
10-13-2020 13:50:39.039 base.TLDriverFactory - TLDriverFactory.java : setDriver INFO  [TestNG-tests-1] 77 - 
Attempted: 59. Failure to find device(R58N70GGVZH), Retrying.....
org.openqa.selenium.SessionNotCreatedException: Unable to create a new remote session. Please check the server log for more details. Original error: An unknown server-side error occurred while processing the command. Original error: Could not find 'adb' in PATH. Please set the ANDROID_HOME or ANDROID_SDK_ROOT environment variables to the corect Android SDK root directory path.
Build info: version: '3.141.59', revision: 'e82be7d358', time: '2018-11-14T08:17:03'
System info: host: 'D1RCZ4.bell.corp.bce.ca', ip: 'fd00:688f:2ed1:1682:b9bd:8fd1:e9ac:1390%en0', os.name: 'Mac OS X', os.arch: 'x86_64', os.version: '10.15.6', java.version: '1.8.0_251'
Driver info: driver.version: AndroidDriver
remote stacktrace: UnknownError: An unknown server-side error occurred while processing the command. Original error: Could not find 'adb' in PATH. Please set the ANDROID_HOME or ANDROID_SDK_ROOT environment variables to the corect Android SDK root directory path.
    at getResponseForW3CError (/usr/local/lib/node_modules/appium/node_modules/appium-base-driver/lib/protocol/errors.js:804:9)
    at asyncHandler (/usr/local/lib/node_modules/appium/node_modules/appium-base-driver/lib/protocol/protocol.js:388:37)
Build info: version: '3.141.59', revision: 'e82be7d358', time: '2018-11-14T08:17:03'
System info: host: 'D1RCZ4.bell.corp.bce.ca', ip: 'fd00:688f:2ed1:1682:b9bd:8fd1:e9ac:1390%en0', os.name: 'Mac OS X', os.arch: 'x86_64', os.version: '10.15.6', java.version: '1.8.0_251'
Driver info: driver.version: AndroidDriver
10-13-2020 13:50:40.040 base.TLDriverFactory - TLDriverFactory.java : setDriver INFO  [TestNG-tests-1] 77 - 
Attempted: 60. Failure to find device(R58N70GGVZH), Retrying.....
org.openqa.selenium.SessionNotCreatedException: Unable to create a new remote session. Please check the server log for more details. Original error: An unknown server-side error occurred while processing the command. Original error: Could not find 'adb' in PATH. Please set the ANDROID_HOME or ANDROID_SDK_ROOT environment variables to the corect Android SDK root directory path.
Build info: version: '3.141.59', revision: 'e82be7d358', time: '2018-11-14T08:17:03'
System info: host: 'D1RCZ4.bell.corp.bce.ca', ip: 'fd00:688f:2ed1:1682:b9bd:8fd1:e9ac:1390%en0', os.name: 'Mac OS X', os.arch: 'x86_64', os.version: '10.15.6', java.version: '1.8.0_251'
Driver info: driver.version: AndroidDriver
remote stacktrace: UnknownError: An unknown server-side error occurred while processing the command. Original error: Could not find 'adb' in PATH. Please set the ANDROID_HOME or ANDROID_SDK_ROOT environment variables to the corect Android SDK root directory path.
    at getResponseForW3CError (/usr/local/lib/node_modules/appium/node_modules/appium-base-driver/lib/protocol/errors.js:804:9)
    at asyncHandler (/usr/local/lib/node_modules/appium/node_modules/appium-base-driver/lib/protocol/protocol.js:388:37)
Build info: version: '3.141.59', revision: 'e82be7d358', time: '2018-11-14T08:17:03'
System info: host: 'D1RCZ4.bell.corp.bce.ca', ip: 'fd00:688f:2ed1:1682:b9bd:8fd1:e9ac:1390%en0', os.name: 'Mac OS X', os.arch: 'x86_64', os.version: '10.15.6', java.version: '1.8.0_251'
Driver info: driver.version: AndroidDriver
10-13-2020 13:50:41.041 MySuite - TestBase.java : BeforeClass ERROR [TestNG-tests-1] 178 - session failed : null
10-13-2020 13:50:41.041 MySuite - TestBase.java : endSuit INFO  [main] 270 - /Users/krish/Automation/Automation-libs/test-output/10132020/AUTOMATION_REPORT.html
10-13-2020 13:58:40.040 Lucky_PROD_Suite - TestBase.java : BeforeClass INFO  [TestNG-tests-1] 194 - Test Details : TestFlightUpdateScript : ios : iPhone 11 Pro : 00008030-001A550A2643802E
10-13-2020 14:01:14.014 Lucky_PROD_Suite - BaseObjs.java : logmessage INFO  [TestNG-tests-1] 197 - Verification Success : 'Apps' Vs 'Apps'
10-13-2020 14:04:31.031 Lucky_PROD_Suite - TestFlight.java : TestFlightUpdateScript INFO  [TestNG-tests-1] 82 - No 'UPDATE' or 'INSTALL' buttons found
10-13-2020 14:04:31.031 Lucky_PROD_Suite - TestFlight.java : TestFlightUpdateScript INFO  [TestNG-tests-1] 85 - BUILD_NUMBER : null
10-13-2020 14:04:32.032 Lucky_PROD_Suite - TestBase.java : AfterClass INFO  [TestNG-tests-1] 233 - app close
10-13-2020 14:04:32.032 Lucky_PROD_Suite - TestBase.java : AfterClass INFO  [TestNG-tests-1] 238 - THE END
10-13-2020 14:04:32.032 Lucky_PROD_Suite - TestBase.java : AfterClass INFO  [TestNG-tests-1] 242 - TLdriver quit - done
10-13-2020 14:04:35.035 Lucky_PROD_Suite - TestBase.java : endSuit INFO  [main] 270 - /Users/krish/Automation/Automation-libs/test-output/10132020/AUTOMATION_REPORT.html
10-13-2020 14:05:38.038 MySuite - TestBase.java : BeforeClass INFO  [TestNG-tests-1] 194 - Test Details : TestFlightUpdateScript : ios : iPhone 11 Pro : 00008030-001A550A2643802E
10-13-2020 14:06:41.041 MySuite - BaseObjs.java : logmessage INFO  [TestNG-tests-1] 197 - Verification Success : 'Apps' Vs 'Apps'
10-13-2020 14:09:59.059 MySuite - TestFlight.java : TestFlightUpdateScript INFO  [TestNG-tests-1] 82 - No 'UPDATE' or 'INSTALL' buttons found
10-13-2020 14:09:59.059 MySuite - TestFlight.java : TestFlightUpdateScript INFO  [TestNG-tests-1] 85 - BUILD_NUMBER : null
10-13-2020 14:10:00.000 MySuite - TestBase.java : AfterClass INFO  [TestNG-tests-1] 233 - app close
10-13-2020 14:10:00.000 MySuite - TestBase.java : AfterClass INFO  [TestNG-tests-1] 238 - THE END
10-13-2020 14:10:00.000 MySuite - TestBase.java : AfterClass INFO  [TestNG-tests-1] 242 - TLdriver quit - done
10-13-2020 14:10:05.005 base.TLDriverFactory - TLDriverFactory.java : setDriver INFO  [TestNG-tests-1] 77 - 
Attempted: 56. Failure to find device(R58N70GGVZH), Retrying.....
org.openqa.selenium.SessionNotCreatedException: Unable to create a new remote session. Please check the server log for more details. Original error: An unknown server-side error occurred while processing the command. Original error: Could not find 'adb' in PATH. Please set the ANDROID_HOME or ANDROID_SDK_ROOT environment variables to the corect Android SDK root directory path.
Build info: version: '3.141.59', revision: 'e82be7d358', time: '2018-11-14T08:17:03'
System info: host: 'D1RCZ4.bell.corp.bce.ca', ip: 'fd00:688f:2ed1:1682:b9bd:8fd1:e9ac:1390%en0', os.name: 'Mac OS X', os.arch: 'x86_64', os.version: '10.15.6', java.version: '1.8.0_251'
Driver info: driver.version: AndroidDriver
remote stacktrace: UnknownError: An unknown server-side error occurred while processing the command. Original error: Could not find 'adb' in PATH. Please set the ANDROID_HOME or ANDROID_SDK_ROOT environment variables to the corect Android SDK root directory path.
    at getResponseForW3CError (/usr/local/lib/node_modules/appium/node_modules/appium-base-driver/lib/protocol/errors.js:804:9)
    at asyncHandler (/usr/local/lib/node_modules/appium/node_modules/appium-base-driver/lib/protocol/protocol.js:388:37)
Build info: version: '3.141.59', revision: 'e82be7d358', time: '2018-11-14T08:17:03'
System info: host: 'D1RCZ4.bell.corp.bce.ca', ip: 'fd00:688f:2ed1:1682:b9bd:8fd1:e9ac:1390%en0', os.name: 'Mac OS X', os.arch: 'x86_64', os.version: '10.15.6', java.version: '1.8.0_251'
Driver info: driver.version: AndroidDriver
10-13-2020 14:10:06.006 base.TLDriverFactory - TLDriverFactory.java : setDriver INFO  [TestNG-tests-1] 77 - 
Attempted: 57. Failure to find device(R58N70GGVZH), Retrying.....
org.openqa.selenium.SessionNotCreatedException: Unable to create a new remote session. Please check the server log for more details. Original error: An unknown server-side error occurred while processing the command. Original error: Could not find 'adb' in PATH. Please set the ANDROID_HOME or ANDROID_SDK_ROOT environment variables to the corect Android SDK root directory path.
Build info: version: '3.141.59', revision: 'e82be7d358', time: '2018-11-14T08:17:03'
System info: host: 'D1RCZ4.bell.corp.bce.ca', ip: 'fd00:688f:2ed1:1682:b9bd:8fd1:e9ac:1390%en0', os.name: 'Mac OS X', os.arch: 'x86_64', os.version: '10.15.6', java.version: '1.8.0_251'
Driver info: driver.version: AndroidDriver
remote stacktrace: UnknownError: An unknown server-side error occurred while processing the command. Original error: Could not find 'adb' in PATH. Please set the ANDROID_HOME or ANDROID_SDK_ROOT environment variables to the corect Android SDK root directory path.
    at getResponseForW3CError (/usr/local/lib/node_modules/appium/node_modules/appium-base-driver/lib/protocol/errors.js:804:9)
    at asyncHandler (/usr/local/lib/node_modules/appium/node_modules/appium-base-driver/lib/protocol/protocol.js:388:37)
Build info: version: '3.141.59', revision: 'e82be7d358', time: '2018-11-14T08:17:03'
System info: host: 'D1RCZ4.bell.corp.bce.ca', ip: 'fd00:688f:2ed1:1682:b9bd:8fd1:e9ac:1390%en0', os.name: 'Mac OS X', os.arch: 'x86_64', os.version: '10.15.6', java.version: '1.8.0_251'
Driver info: driver.version: AndroidDriver
10-13-2020 14:10:07.007 base.TLDriverFactory - TLDriverFactory.java : setDriver INFO  [TestNG-tests-1] 77 - 
Attempted: 58. Failure to find device(R58N70GGVZH), Retrying.....
org.openqa.selenium.SessionNotCreatedException: Unable to create a new remote session. Please check the server log for more details. Original error: An unknown server-side error occurred while processing the command. Original error: Could not find 'adb' in PATH. Please set the ANDROID_HOME or ANDROID_SDK_ROOT environment variables to the corect Android SDK root directory path.
Build info: version: '3.141.59', revision: 'e82be7d358', time: '2018-11-14T08:17:03'
System info: host: 'D1RCZ4.bell.corp.bce.ca', ip: 'fd00:688f:2ed1:1682:b9bd:8fd1:e9ac:1390%en0', os.name: 'Mac OS X', os.arch: 'x86_64', os.version: '10.15.6', java.version: '1.8.0_251'
Driver info: driver.version: AndroidDriver
remote stacktrace: UnknownError: An unknown server-side error occurred while processing the command. Original error: Could not find 'adb' in PATH. Please set the ANDROID_HOME or ANDROID_SDK_ROOT environment variables to the corect Android SDK root directory path.
    at getResponseForW3CError (/usr/local/lib/node_modules/appium/node_modules/appium-base-driver/lib/protocol/errors.js:804:9)
    at asyncHandler (/usr/local/lib/node_modules/appium/node_modules/appium-base-driver/lib/protocol/protocol.js:388:37)
Build info: version: '3.141.59', revision: 'e82be7d358', time: '2018-11-14T08:17:03'
System info: host: 'D1RCZ4.bell.corp.bce.ca', ip: 'fd00:688f:2ed1:1682:b9bd:8fd1:e9ac:1390%en0', os.name: 'Mac OS X', os.arch: 'x86_64', os.version: '10.15.6', java.version: '1.8.0_251'
Driver info: driver.version: AndroidDriver
10-13-2020 14:10:08.008 base.TLDriverFactory - TLDriverFactory.java : setDriver INFO  [TestNG-tests-1] 77 - 
Attempted: 59. Failure to find device(R58N70GGVZH), Retrying.....
org.openqa.selenium.SessionNotCreatedException: Unable to create a new remote session. Please check the server log for more details. Original error: An unknown server-side error occurred while processing the command. Original error: Could not find 'adb' in PATH. Please set the ANDROID_HOME or ANDROID_SDK_ROOT environment variables to the corect Android SDK root directory path.
Build info: version: '3.141.59', revision: 'e82be7d358', time: '2018-11-14T08:17:03'
System info: host: 'D1RCZ4.bell.corp.bce.ca', ip: 'fd00:688f:2ed1:1682:b9bd:8fd1:e9ac:1390%en0', os.name: 'Mac OS X', os.arch: 'x86_64', os.version: '10.15.6', java.version: '1.8.0_251'
Driver info: driver.version: AndroidDriver
remote stacktrace: UnknownError: An unknown server-side error occurred while processing the command. Original error: Could not find 'adb' in PATH. Please set the ANDROID_HOME or ANDROID_SDK_ROOT environment variables to the corect Android SDK root directory path.
    at getResponseForW3CError (/usr/local/lib/node_modules/appium/node_modules/appium-base-driver/lib/protocol/errors.js:804:9)
    at asyncHandler (/usr/local/lib/node_modules/appium/node_modules/appium-base-driver/lib/protocol/protocol.js:388:37)
Build info: version: '3.141.59', revision: 'e82be7d358', time: '2018-11-14T08:17:03'
System info: host: 'D1RCZ4.bell.corp.bce.ca', ip: 'fd00:688f:2ed1:1682:b9bd:8fd1:e9ac:1390%en0', os.name: 'Mac OS X', os.arch: 'x86_64', os.version: '10.15.6', java.version: '1.8.0_251'
Driver info: driver.version: AndroidDriver
10-13-2020 14:10:09.009 base.TLDriverFactory - TLDriverFactory.java : setDriver INFO  [TestNG-tests-1] 77 - 
Attempted: 60. Failure to find device(R58N70GGVZH), Retrying.....
org.openqa.selenium.SessionNotCreatedException: Unable to create a new remote session. Please check the server log for more details. Original error: An unknown server-side error occurred while processing the command. Original error: Could not find 'adb' in PATH. Please set the ANDROID_HOME or ANDROID_SDK_ROOT environment variables to the corect Android SDK root directory path.
Build info: version: '3.141.59', revision: 'e82be7d358', time: '2018-11-14T08:17:03'
System info: host: 'D1RCZ4.bell.corp.bce.ca', ip: 'fd00:688f:2ed1:1682:b9bd:8fd1:e9ac:1390%en0', os.name: 'Mac OS X', os.arch: 'x86_64', os.version: '10.15.6', java.version: '1.8.0_251'
Driver info: driver.version: AndroidDriver
remote stacktrace: UnknownError: An unknown server-side error occurred while processing the command. Original error: Could not find 'adb' in PATH. Please set the ANDROID_HOME or ANDROID_SDK_ROOT environment variables to the corect Android SDK root directory path.
    at getResponseForW3CError (/usr/local/lib/node_modules/appium/node_modules/appium-base-driver/lib/protocol/errors.js:804:9)
    at asyncHandler (/usr/local/lib/node_modules/appium/node_modules/appium-base-driver/lib/protocol/protocol.js:388:37)
Build info: version: '3.141.59', revision: 'e82be7d358', time: '2018-11-14T08:17:03'
System info: host: 'D1RCZ4.bell.corp.bce.ca', ip: 'fd00:688f:2ed1:1682:b9bd:8fd1:e9ac:1390%en0', os.name: 'Mac OS X', os.arch: 'x86_64', os.version: '10.15.6', java.version: '1.8.0_251'
Driver info: driver.version: AndroidDriver
10-13-2020 14:10:10.010 MySuite - TestBase.java : BeforeClass ERROR [TestNG-tests-1] 178 - session failed : null
10-13-2020 14:10:10.010 MySuite - TestBase.java : endSuit INFO  [main] 270 - /Users/krish/Automation/Automation-libs/test-output/10132020/AUTOMATION_REPORT.html
10-13-2020 14:11:22.022 MySuite - TestBase.java : BeforeClass INFO  [TestNG-tests-2] 194 - Test Details : PlaystoreUpdateScript : Android : samsung SM-A515W R58N70GGVZH : R58N70GGVZH
10-13-2020 14:11:23.023 MySuite - TestBase.java : BeforeClass INFO  [TestNG-tests-1] 194 - Test Details : TestFlightUpdateScript : ios : iPhone 11 Pro : 00008030-001A550A2643802E
10-13-2020 14:11:50.050 MySuite - BaseObjs.java : logmessage INFO  [TestNG-tests-2] 197 - Left Navigate Button clicked
10-13-2020 14:11:55.055 MySuite - BaseObjs.java : logmessage INFO  [TestNG-tests-2] 197 - 'My apps & games' link clicked
10-13-2020 14:12:06.006 MySuite - BaseObjs.java : logmessage INFO  [TestNG-tests-2] 197 - 'UPDATE ALL' button clicked
10-13-2020 14:12:07.007 MySuite - TestBase.java : AfterClass INFO  [TestNG-tests-2] 233 - app close
10-13-2020 14:12:07.007 MySuite - TestBase.java : AfterClass INFO  [TestNG-tests-2] 238 - THE END
10-13-2020 14:12:07.007 MySuite - TestBase.java : AfterClass INFO  [TestNG-tests-2] 242 - TLdriver quit - done
10-13-2020 14:12:26.026 MySuite - BaseObjs.java : logmessage INFO  [TestNG-tests-1] 197 - Verification Success : 'Apps' Vs 'Apps'
10-13-2020 14:15:43.043 MySuite - TestFlight.java : TestFlightUpdateScript INFO  [TestNG-tests-1] 82 - No 'UPDATE' or 'INSTALL' buttons found
10-13-2020 14:15:43.043 MySuite - TestFlight.java : TestFlightUpdateScript INFO  [TestNG-tests-1] 85 - BUILD_NUMBER : null
10-13-2020 14:15:44.044 MySuite - TestBase.java : AfterClass INFO  [TestNG-tests-1] 233 - app close
10-13-2020 14:15:44.044 MySuite - TestBase.java : AfterClass INFO  [TestNG-tests-1] 238 - THE END
10-13-2020 14:15:44.044 MySuite - TestBase.java : AfterClass INFO  [TestNG-tests-1] 242 - TLdriver quit - done
10-13-2020 14:15:47.047 MySuite - TestBase.java : endSuit INFO  [main] 270 - /Users/krish/Automation/Automation-libs/test-output/10132020/AUTOMATION_REPORT.html
10-13-2020 14:26:13.013 MySuite - TestBase.java : BeforeClass INFO  [TestNG-tests-2] 194 - Test Details : PlaystoreUpdateScript : Android : samsung SM-A515W R58N70GGVZH : R58N70GGVZH
10-13-2020 14:26:13.013 MySuite - TestBase.java : BeforeClass INFO  [TestNG-tests-1] 194 - Test Details : TestFlightUpdateScript : ios : iPhone 11 Pro : 00008030-001A550A2643802E
10-13-2020 14:26:36.036 MySuite - BaseObjs.java : logmessage INFO  [TestNG-tests-2] 197 - Left Navigate Button clicked
10-13-2020 14:26:40.040 MySuite - BaseObjs.java : logmessage INFO  [TestNG-tests-2] 197 - 'My apps & games' link clicked
10-13-2020 14:26:57.057 MySuite - BaseObjs.java : logmessage INFO  [TestNG-tests-2] 197 - 'UPDATE ALL' button is NOT FOUND
10-13-2020 14:26:58.058 MySuite - TestBase.java : AfterClass INFO  [TestNG-tests-2] 233 - app close
10-13-2020 14:26:58.058 MySuite - TestBase.java : AfterClass INFO  [TestNG-tests-2] 238 - THE END
10-13-2020 14:26:58.058 MySuite - TestBase.java : AfterClass INFO  [TestNG-tests-2] 242 - TLdriver quit - done
10-13-2020 14:27:17.017 MySuite - BaseObjs.java : logmessage INFO  [TestNG-tests-1] 197 - Verification Success : 'Apps' Vs 'Apps'
10-13-2020 14:30:33.033 MySuite - TestFlight.java : TestFlightUpdateScript INFO  [TestNG-tests-1] 82 - No 'UPDATE' or 'INSTALL' buttons found
10-13-2020 14:30:33.033 MySuite - TestFlight.java : TestFlightUpdateScript INFO  [TestNG-tests-1] 85 - BUILD_NUMBER : null
10-13-2020 14:30:34.034 MySuite - TestBase.java : AfterClass INFO  [TestNG-tests-1] 233 - app close
10-13-2020 14:30:34.034 MySuite - TestBase.java : AfterClass INFO  [TestNG-tests-1] 238 - THE END
10-13-2020 14:30:34.034 MySuite - TestBase.java : AfterClass INFO  [TestNG-tests-1] 242 - TLdriver quit - done
10-13-2020 14:30:36.036 MySuite - TestBase.java : endSuit INFO  [main] 270 - /Users/krish/Automation/Automation-libs/test-output/10132020/AUTOMATION_REPORT.html
10-13-2020 14:38:06.006 lang.Class - RunnerWithAllConnectedDevices.java : main INFO  [main] 119 - <?xml version="1.0" encoding="UTF-8"?>
<!DOCTYPE suite SYSTEM "http://testng.org/testng-1.0.dtd">
<suite thread-count="10" name="MySuite" parallel="tests">
  <test thread-count="10" name="TestFlight_0" parallel="tests">
    <parameter name="udid" value="00008030-001A550A2643802E"/>
    <parameter name="platForm" value="IOS"/>
    <classes>
      <class name="other.testcases.TestFlight"/>
    </classes>
  </test> <!-- TestFlight_0 -->
  <test thread-count="10" name="PlayStore_0" parallel="tests">
    <parameter name="udid" value="R58N70GGVZH"/>
    <parameter name="platForm" value="Android"/>
    <classes>
      <class name="other.testcases.PlayStore"/>
    </classes>
  </test> <!-- PlayStore_0 -->
</suite> <!-- MySuite -->

10-17-2020 15:18:37.037 lang.Class - RunnerWithAllConnectedDevices.java : main INFO  [main] 119 - <?xml version="1.0" encoding="UTF-8"?>
<!DOCTYPE suite SYSTEM "http://testng.org/testng-1.0.dtd">
<suite thread-count="10" name="MySuite" parallel="tests">
  <test thread-count="10" name="TestFlight_0" parallel="tests">
    <parameter name="udid" value=""/>
    <parameter name="platForm" value="IOS"/>
    <classes>
      <class name="other.testcases.TestFlight"/>
    </classes>
  </test> <!-- TestFlight_0 -->
  <test thread-count="10" name="PlayStore_0" parallel="tests">
    <parameter name="udid" value="R58N70GGVZH"/>
    <parameter name="platForm" value="Android"/>
    <classes>
      <class name="other.testcases.PlayStore"/>
    </classes>
  </test> <!-- PlayStore_0 -->
</suite> <!-- MySuite -->

10-17-2020 15:22:16.016 lang.Class - RunnerWithAllConnectedDevices.java : main INFO  [main] 119 - <?xml version="1.0" encoding="UTF-8"?>
<!DOCTYPE suite SYSTEM "http://testng.org/testng-1.0.dtd">
<suite thread-count="10" name="MySuite" parallel="tests">
  <test thread-count="10" name="TestFlight_0" parallel="tests">
    <parameter name="udid" value=""/>
    <parameter name="platForm" value="IOS"/>
    <classes>
      <class name="other.testcases.TestFlight"/>
    </classes>
  </test> <!-- TestFlight_0 -->
  <test thread-count="10" name="PlayStore_0" parallel="tests">
    <parameter name="udid" value="R58N70GGVZH"/>
    <parameter name="platForm" value="Android"/>
    <classes>
      <class name="other.testcases.PlayStore"/>
    </classes>
  </test> <!-- PlayStore_0 -->
</suite> <!-- MySuite -->

10-17-2020 15:22:16.016 MySuite - TestBase.java : setupSuit INFO  [main] 90 - created Folder for Report: /Users/krish/Automation/Automation-libs/test-output/10172020
10-17-2020 15:22:25.025 MySuite - TestBase.java : BeforeClass ERROR [TestNG-tests-1] 178 - session failed : Unable to create a new remote session. Please check the server log for more details. Original error: An unknown server-side error occurred while processing the command. Original error: '12.0' does not exist in the list of simctl SDKs. Only the following Simulator SDK versions are available on your system: 13.3, 7.0, 13.4, 14.0, 6.1, 13.6, 13.5, 13.7, 6.2
Build info: version: '3.141.59', revision: 'e82be7d358', time: '2018-11-14T08:17:03'
System info: host: 'D1RCZ4.bell.corp.bce.ca', ip: 'fd00:688f:2ed1:1682:35f8:b2b0:b78c:9fdd%en0', os.name: 'Mac OS X', os.arch: 'x86_64', os.version: '10.15.6', java.version: '1.8.0_251'
Driver info: driver.version: AppiumDriver
remote stacktrace: UnknownError: An unknown server-side error occurred while processing the command. Original error: '12.0' does not exist in the list of simctl SDKs. Only the following Simulator SDK versions are available on your system: 13.3, 7.0, 13.4, 14.0, 6.1, 13.6, 13.5, 13.7, 6.2
    at getResponseForW3CError (/usr/local/lib/node_modules/appium/node_modules/appium-base-driver/lib/protocol/errors.js:804:9)
    at asyncHandler (/usr/local/lib/node_modules/appium/node_modules/appium-base-driver/lib/protocol/protocol.js:388:37)
Build info: version: '3.141.59', revision: 'e82be7d358', time: '2018-11-14T08:17:03'
System info: host: 'D1RCZ4.bell.corp.bce.ca', ip: 'fd00:688f:2ed1:1682:35f8:b2b0:b78c:9fdd%en0', os.name: 'Mac OS X', os.arch: 'x86_64', os.version: '10.15.6', java.version: '1.8.0_251'
Driver info: driver.version: AppiumDriver
10-17-2020 15:22:42.042 MySuite - TestBase.java : BeforeClass INFO  [TestNG-tests-2] 194 - Test Details : PlaystoreUpdateScript : Android : samsung SM-A515W R58N70GGVZH : R58N70GGVZH
10-17-2020 15:23:09.009 MySuite - BaseObjs.java : logmessage INFO  [TestNG-tests-2] 197 - Left Navigate Button clicked
10-17-2020 15:23:15.015 MySuite - BaseObjs.java : logmessage INFO  [TestNG-tests-2] 197 - 'My apps & games' link clicked
10-17-2020 15:23:28.028 MySuite - BaseObjs.java : logmessage INFO  [TestNG-tests-2] 197 - 'UPDATE ALL' button clicked
10-17-2020 15:23:30.030 MySuite - TestBase.java : AfterClass INFO  [TestNG-tests-2] 233 - app close
10-17-2020 15:23:30.030 MySuite - TestBase.java : AfterClass INFO  [TestNG-tests-2] 238 - THE END
10-17-2020 15:23:30.030 MySuite - TestBase.java : AfterClass INFO  [TestNG-tests-2] 242 - TLdriver quit - done
10-17-2020 15:23:32.032 MySuite - TestBase.java : endSuit INFO  [main] 270 - /Users/krish/Automation/Automation-libs/test-output/10172020/AUTOMATION_REPORT.html
10-17-2020 15:28:06.006 lang.Class - RunnerWithAllConnectedDevices.java : main INFO  [main] 119 - <?xml version="1.0" encoding="UTF-8"?>
<!DOCTYPE suite SYSTEM "http://testng.org/testng-1.0.dtd">
<suite thread-count="10" name="MySuite" parallel="tests">
  <test thread-count="10" name="TestFlight_0" parallel="tests">
    <parameter name="udid" value=""/>
    <parameter name="platForm" value="IOS"/>
    <classes>
      <class name="other.testcases.TestFlight"/>
    </classes>
  </test> <!-- TestFlight_0 -->
  <test thread-count="10" name="PlayStore_0" parallel="tests">
    <parameter name="udid" value="R58N70GGVZH"/>
    <parameter name="platForm" value="Android"/>
    <classes>
      <class name="other.testcases.PlayStore"/>
    </classes>
  </test> <!-- PlayStore_0 -->
</suite> <!-- MySuite -->

10-17-2020 15:28:08.008 MySuite - TestBase.java : BeforeClass ERROR [TestNG-tests-1] 178 - session failed : Unable to create a new remote session. Please check the server log for more details. Original error: An unknown server-side error occurred while processing the command. Original error: '12.0' does not exist in the list of simctl SDKs. Only the following Simulator SDK versions are available on your system: 13.3, 7.0, 13.4, 14.0, 6.1, 13.6, 13.5, 13.7, 6.2
Build info: version: '3.141.59', revision: 'e82be7d358', time: '2018-11-14T08:17:03'
System info: host: 'D1RCZ4.bell.corp.bce.ca', ip: 'fd00:688f:2ed1:1682:35f8:b2b0:b78c:9fdd%en0', os.name: 'Mac OS X', os.arch: 'x86_64', os.version: '10.15.6', java.version: '1.8.0_251'
Driver info: driver.version: AppiumDriver
remote stacktrace: UnknownError: An unknown server-side error occurred while processing the command. Original error: '12.0' does not exist in the list of simctl SDKs. Only the following Simulator SDK versions are available on your system: 13.3, 7.0, 13.4, 14.0, 6.1, 13.6, 13.5, 13.7, 6.2
    at getResponseForW3CError (/usr/local/lib/node_modules/appium/node_modules/appium-base-driver/lib/protocol/errors.js:804:9)
    at asyncHandler (/usr/local/lib/node_modules/appium/node_modules/appium-base-driver/lib/protocol/protocol.js:388:37)
Build info: version: '3.141.59', revision: 'e82be7d358', time: '2018-11-14T08:17:03'
System info: host: 'D1RCZ4.bell.corp.bce.ca', ip: 'fd00:688f:2ed1:1682:35f8:b2b0:b78c:9fdd%en0', os.name: 'Mac OS X', os.arch: 'x86_64', os.version: '10.15.6', java.version: '1.8.0_251'
Driver info: driver.version: AppiumDriver
10-17-2020 15:28:17.017 MySuite - TestBase.java : BeforeClass INFO  [TestNG-tests-2] 194 - Test Details : PlaystoreUpdateScript : Android : samsung SM-A515W R58N70GGVZH : R58N70GGVZH
10-17-2020 15:28:45.045 MySuite - BaseObjs.java : logmessage INFO  [TestNG-tests-2] 197 - Left Navigate Button clicked
10-17-2020 15:28:51.051 MySuite - BaseObjs.java : logmessage INFO  [TestNG-tests-2] 197 - 'My apps & games' link clicked
10-17-2020 15:29:07.007 MySuite - BaseObjs.java : logmessage INFO  [TestNG-tests-2] 197 - 'UPDATE ALL' button is NOT FOUND
10-17-2020 15:29:09.009 MySuite - TestBase.java : AfterClass INFO  [TestNG-tests-2] 233 - app close
10-17-2020 15:29:09.009 MySuite - TestBase.java : AfterClass INFO  [TestNG-tests-2] 238 - THE END
10-17-2020 15:29:09.009 MySuite - TestBase.java : AfterClass INFO  [TestNG-tests-2] 242 - TLdriver quit - done
10-17-2020 15:29:11.011 MySuite - TestBase.java : endSuit INFO  [main] 270 - /Users/krish/Automation/Automation-libs/test-output/10172020/AUTOMATION_REPORT.html
10-17-2020 15:29:38.038 lang.Class - RunnerWithAllConnectedDevices.java : main INFO  [main] 119 - <?xml version="1.0" encoding="UTF-8"?>
<!DOCTYPE suite SYSTEM "http://testng.org/testng-1.0.dtd">
<suite thread-count="10" name="MySuite" parallel="tests">
  <test thread-count="10" name="TestFlight_0" parallel="tests">
    <parameter name="udid" value=""/>
    <parameter name="platForm" value="IOS"/>
    <classes>
      <class name="other.testcases.TestFlight"/>
    </classes>
  </test> <!-- TestFlight_0 -->
  <test thread-count="10" name="PlayStore_0" parallel="tests">
    <parameter name="udid" value="R58N70GGVZH"/>
    <parameter name="platForm" value="Android"/>
    <classes>
      <class name="other.testcases.PlayStore"/>
    </classes>
  </test> <!-- PlayStore_0 -->
</suite> <!-- MySuite -->

10-17-2020 15:32:28.028 lang.Class - RunnerWithAllConnectedDevices.java : main INFO  [main] 119 - <?xml version="1.0" encoding="UTF-8"?>
<!DOCTYPE suite SYSTEM "http://testng.org/testng-1.0.dtd">
<suite thread-count="10" name="MySuite" parallel="tests">
  <test thread-count="10" name="TestFlight_0" parallel="tests">
    <parameter name="udid" value=""/>
    <parameter name="platForm" value="IOS"/>
    <classes>
      <class name="other.testcases.TestFlight"/>
    </classes>
  </test> <!-- TestFlight_0 -->
  <test thread-count="10" name="PlayStore_0" parallel="tests">
    <parameter name="udid" value="R58N70GGVZH"/>
    <parameter name="platForm" value="Android"/>
    <classes>
      <class name="other.testcases.PlayStore"/>
    </classes>
  </test> <!-- PlayStore_0 -->
</suite> <!-- MySuite -->

10-17-2020 15:32:46.046 lang.Class - RunnerWithAllConnectedDevices.java : main INFO  [main] 119 - <?xml version="1.0" encoding="UTF-8"?>
<!DOCTYPE suite SYSTEM "http://testng.org/testng-1.0.dtd">
<suite thread-count="10" name="MySuite" parallel="tests">
  <test thread-count="10" name="TestFlight_0" parallel="tests">
    <parameter name="udid" value=""/>
    <parameter name="platForm" value="IOS"/>
    <classes>
      <class name="other.testcases.TestFlight"/>
    </classes>
  </test> <!-- TestFlight_0 -->
  <test thread-count="10" name="PlayStore_0" parallel="tests">
    <parameter name="udid" value="R58N70GGVZH"/>
    <parameter name="platForm" value="Android"/>
    <classes>
      <class name="other.testcases.PlayStore"/>
    </classes>
  </test> <!-- PlayStore_0 -->
</suite> <!-- MySuite -->

10-17-2020 15:32:54.054 lang.Class - RunnerWithAllConnectedDevices.java : main INFO  [main] 119 - <?xml version="1.0" encoding="UTF-8"?>
<!DOCTYPE suite SYSTEM "http://testng.org/testng-1.0.dtd">
<suite thread-count="10" name="MySuite" parallel="tests">
  <test thread-count="10" name="TestFlight_0" parallel="tests">
    <parameter name="udid" value=""/>
    <parameter name="platForm" value="IOS"/>
    <classes>
      <class name="other.testcases.TestFlight"/>
    </classes>
  </test> <!-- TestFlight_0 -->
  <test thread-count="10" name="PlayStore_0" parallel="tests">
    <parameter name="udid" value="R58N70GGVZH"/>
    <parameter name="platForm" value="Android"/>
    <classes>
      <class name="other.testcases.PlayStore"/>
    </classes>
  </test> <!-- PlayStore_0 -->
</suite> <!-- MySuite -->

10-17-2020 15:36:29.029 lang.Class - RunnerWithAllConnectedDevices.java : main INFO  [main] 119 - <?xml version="1.0" encoding="UTF-8"?>
<!DOCTYPE suite SYSTEM "http://testng.org/testng-1.0.dtd">
<suite thread-count="10" name="MySuite" parallel="tests">
  <test thread-count="10" name="TestFlight_0" parallel="tests">
    <parameter name="udid" value=""/>
    <parameter name="platForm" value="IOS"/>
    <classes>
      <class name="other.testcases.TestFlight"/>
    </classes>
  </test> <!-- TestFlight_0 -->
  <test thread-count="10" name="PlayStore_0" parallel="tests">
    <parameter name="udid" value="R58N70GGVZH"/>
    <parameter name="platForm" value="Android"/>
    <classes>
      <class name="other.testcases.PlayStore"/>
    </classes>
  </test> <!-- PlayStore_0 -->
</suite> <!-- MySuite -->

10-17-2020 15:38:47.047 lang.Class - RunnerWithAllConnectedDevices.java : main INFO  [main] 120 - <?xml version="1.0" encoding="UTF-8"?>
<!DOCTYPE suite SYSTEM "http://testng.org/testng-1.0.dtd">
<suite thread-count="10" name="MySuite" parallel="tests">
  <test thread-count="10" name="PlayStore_0" parallel="tests">
    <parameter name="udid" value="R58N70GGVZH"/>
    <parameter name="platForm" value="Android"/>
    <classes>
      <class name="other.testcases.PlayStore"/>
    </classes>
  </test> <!-- PlayStore_0 -->
</suite> <!-- MySuite -->

10-17-2020 15:40:16.016 lang.Class - RunnerWithAllConnectedDevices.java : main INFO  [main] 120 - <?xml version="1.0" encoding="UTF-8"?>
<!DOCTYPE suite SYSTEM "http://testng.org/testng-1.0.dtd">
<suite thread-count="10" name="MySuite" parallel="tests">
  <test thread-count="10" name="PlayStore_0" parallel="tests">
    <parameter name="udid" value="R58N70GGVZH"/>
    <parameter name="platForm" value="Android"/>
    <classes>
      <class name="other.testcases.PlayStore"/>
    </classes>
  </test> <!-- PlayStore_0 -->
</suite> <!-- MySuite -->

10-17-2020 15:40:43.043 lang.Class - RunnerWithAllConnectedDevices.java : main INFO  [main] 120 - <?xml version="1.0" encoding="UTF-8"?>
<!DOCTYPE suite SYSTEM "http://testng.org/testng-1.0.dtd">
<suite thread-count="10" name="MySuite" parallel="tests">
  <test thread-count="10" name="PlayStore_0" parallel="tests">
    <parameter name="udid" value="R58N70GGVZH"/>
    <parameter name="platForm" value="Android"/>
    <classes>
      <class name="other.testcases.PlayStore"/>
    </classes>
  </test> <!-- PlayStore_0 -->
</suite> <!-- MySuite -->

10-17-2020 15:41:28.028 lang.Class - RunnerWithAllConnectedDevices.java : main INFO  [main] 120 - <?xml version="1.0" encoding="UTF-8"?>
<!DOCTYPE suite SYSTEM "http://testng.org/testng-1.0.dtd">
<suite thread-count="10" name="MySuite" parallel="tests">
  <test thread-count="10" name="PlayStore_0" parallel="tests">
    <parameter name="udid" value="R58N70GGVZH"/>
    <parameter name="platForm" value="Android"/>
    <classes>
      <class name="other.testcases.PlayStore"/>
    </classes>
  </test> <!-- PlayStore_0 -->
</suite> <!-- MySuite -->

10-17-2020 15:41:39.039 MySuite - TestBase.java : BeforeClass INFO  [TestNG-tests-1] 194 - Test Details : PlaystoreUpdateScript : Android : samsung SM-A515W R58N70GGVZH : R58N70GGVZH
10-17-2020 15:42:10.010 MySuite - BaseObjs.java : logmessage INFO  [TestNG-tests-1] 197 - Left Navigate Button clicked
10-17-2020 15:42:16.016 MySuite - BaseObjs.java : logmessage INFO  [TestNG-tests-1] 197 - 'My apps & games' link clicked
10-17-2020 15:42:34.034 MySuite - BaseObjs.java : logmessage INFO  [TestNG-tests-1] 197 - 'UPDATE ALL' button is NOT FOUND
10-17-2020 15:42:36.036 MySuite - TestBase.java : AfterClass INFO  [TestNG-tests-1] 233 - app close
10-17-2020 15:42:36.036 MySuite - TestBase.java : AfterClass INFO  [TestNG-tests-1] 238 - THE END
10-17-2020 15:42:36.036 MySuite - TestBase.java : AfterClass INFO  [TestNG-tests-1] 242 - TLdriver quit - done
10-17-2020 15:42:38.038 MySuite - TestBase.java : endSuit INFO  [main] 270 - /Users/krish/Automation/Automation-libs/test-output/10172020/AUTOMATION_REPORT.html
10-30-2020 11:48:33.033 lang.Class - AppiumManager.java : killPort INFO  [main] 100 - port kill success
10-30-2020 12:20:10.010 lang.Class - AppiumManager.java : killPort INFO  [main] 100 - port kill success
10-30-2020 15:51:39.039 lang.Class - RunnerWithAllConnectedDevices.java : main INFO  [main] 120 - <?xml version="1.0" encoding="UTF-8"?>
<!DOCTYPE suite SYSTEM "http://testng.org/testng-1.0.dtd">
<suite thread-count="10" name="MySuite" parallel="tests">
  <test thread-count="10" name="TestFlight_0" parallel="tests">
    <parameter name="udid" value="00008030-001A550A2643802E"/>
    <parameter name="platForm" value="IOS"/>
    <classes>
      <class name="other.testcases.TestFlight"/>
    </classes>
  </test> <!-- TestFlight_0 -->
  <test thread-count="10" name="PlayStore_0" parallel="tests">
    <parameter name="udid" value="R58N70GGVZH"/>
    <parameter name="platForm" value="Android"/>
    <classes>
      <class name="other.testcases.PlayStore"/>
    </classes>
  </test> <!-- PlayStore_0 -->
</suite> <!-- MySuite -->

10-30-2020 15:51:39.039 MySuite - TestBase.java : setupSuit INFO  [main] 91 - created Folder for Report: /Users/krish/Automation/Automation-libs/test-output/10302020
10-30-2020 15:51:51.051 MySuite - TestBase.java : BeforeClass INFO  [TestNG-tests-2] 199 - Test Details : PlaystoreUpdateScript : Android : samsung SM-A515W R58N70GGVZH : R58N70GGVZH
10-30-2020 15:52:14.014 MySuite - BaseObjs.java : logmessage INFO  [TestNG-tests-2] 197 - Left Navigate Button clicked
10-30-2020 15:52:17.017 MySuite - BaseObjs.java : logmessage INFO  [TestNG-tests-2] 197 - 'My apps & games' link clicked
10-30-2020 15:52:20.020 MySuite - TestBase.java : BeforeClass INFO  [TestNG-tests-1] 199 - Test Details : TestFlightUpdateScript : ios : iPhone 11 Pro : 00008030-001A550A2643802E
10-30-2020 15:52:29.029 MySuite - BaseObjs.java : logmessage INFO  [TestNG-tests-2] 197 - 'UPDATE ALL' button clicked
10-30-2020 15:52:30.030 MySuite - TestBase.java : AfterClass INFO  [TestNG-tests-2] 237 - app close
10-30-2020 15:52:30.030 MySuite - TestBase.java : AfterClass INFO  [TestNG-tests-2] 242 - THE END
10-30-2020 15:52:30.030 MySuite - TestBase.java : AfterClass INFO  [TestNG-tests-2] 246 - TLdriver quit - done
10-30-2020 15:53:23.023 MySuite - BaseObjs.java : logmessage INFO  [TestNG-tests-1] 197 - Verification Success : 'Apps' Vs 'Apps'
10-30-2020 15:53:27.027 MySuite - TestFlight.java : TestFlightUpdateScript INFO  [TestNG-tests-1] 74 - Total 'UPDATE' or 'INSTALL' buttons : 1
10-30-2020 15:53:28.028 MySuite - BaseObjs.java : logmessage INFO  [TestNG-tests-1] 197 - UPDATE- button clicked
10-30-2020 15:53:34.034 MySuite - TestFlight.java : TestFlightUpdateScript INFO  [TestNG-tests-1] 86 - BUILD_NUMBER : null
10-30-2020 15:53:35.035 MySuite - TestBase.java : AfterClass INFO  [TestNG-tests-1] 237 - app close
10-30-2020 15:53:35.035 MySuite - TestBase.java : AfterClass INFO  [TestNG-tests-1] 242 - THE END
10-30-2020 15:53:35.035 MySuite - TestBase.java : AfterClass INFO  [TestNG-tests-1] 246 - TLdriver quit - done
10-30-2020 15:53:37.037 MySuite - TestBase.java : endSuit INFO  [main] 274 - /Users/krish/Automation/Automation-libs/test-output/10302020/AUTOMATION_REPORT.html
11-02-2020 11:59:57.057 lang.Class - RunnerWithAllConnectedDevices.java : main INFO  [main] 120 - <?xml version="1.0" encoding="UTF-8"?>
<!DOCTYPE suite SYSTEM "http://testng.org/testng-1.0.dtd">
<suite thread-count="10" name="MySuite" parallel="tests">
  <test thread-count="10" name="TestFlight_0" parallel="tests">
    <parameter name="udid" value="c96e4f4016966c6b50c39e1168f5535ee1988f40"/>
    <parameter name="platForm" value="IOS"/>
    <classes>
      <class name="other.testcases.TestFlight"/>
    </classes>
  </test> <!-- TestFlight_0 -->
  <test thread-count="10" name="PlayStore_0" parallel="tests">
    <parameter name="udid" value="R58N70GGVZH"/>
    <parameter name="platForm" value="Android"/>
    <classes>
      <class name="other.testcases.PlayStore"/>
    </classes>
  </test> <!-- PlayStore_0 -->
</suite> <!-- MySuite -->

11-02-2020 11:59:57.057 MySuite - TestBase.java : setupSuit INFO  [main] 89 - created Folder for Report: /Users/krish/Automation/Automation-libs/test-output/11022020
11-02-2020 12:00:19.019 MySuite - TestBase.java : BeforeClass INFO  [TestNG-tests-2] 196 - Test Details : PlaystoreUpdateScript : Android : samsung SM-A515W R58N70GGVZH : R58N70GGVZH
11-02-2020 12:00:37.037 MySuite - TestBase.java : BeforeClass INFO  [TestNG-tests-1] 196 - Test Details : TestFlightUpdateScript : iOS : iPhone 8 : c96e4f4016966c6b50c39e1168f5535ee1988f40
11-02-2020 12:00:41.041 MySuite - BaseObjs.java : logmessage INFO  [TestNG-tests-2] 197 - Left Navigate Button clicked
11-02-2020 12:00:44.044 MySuite - BaseObjs.java : logmessage INFO  [TestNG-tests-2] 197 - 'My apps & games' link clicked
11-02-2020 12:00:53.053 MySuite - BaseObjs.java : logmessage INFO  [TestNG-tests-2] 197 - 'UPDATE ALL' button clicked
11-02-2020 12:00:55.055 MySuite - TestBase.java : AfterClass INFO  [TestNG-tests-2] 234 - app close
11-02-2020 12:00:55.055 MySuite - TestBase.java : AfterClass INFO  [TestNG-tests-2] 239 - THE END
11-02-2020 12:00:55.055 MySuite - TestBase.java : AfterClass INFO  [TestNG-tests-2] 243 - TLdriver quit - done
11-02-2020 12:01:40.040 MySuite - BaseObjs.java : logmessage INFO  [TestNG-tests-1] 197 - Verification Success : 'Apps' Vs 'Apps'
11-02-2020 12:01:45.045 MySuite - TestFlight.java : TestFlightUpdateScript INFO  [TestNG-tests-1] 74 - Total 'UPDATE' or 'INSTALL' buttons : 1
11-02-2020 12:01:45.045 MySuite - BaseObjs.java : logmessage INFO  [TestNG-tests-1] 197 - UPDATE- button clicked
11-02-2020 12:01:50.050 MySuite - TestFlight.java : TestFlightUpdateScript INFO  [TestNG-tests-1] 86 - BUILD_NUMBER : null
11-02-2020 12:01:51.051 MySuite - TestBase.java : AfterClass INFO  [TestNG-tests-1] 234 - app close
11-02-2020 12:01:51.051 MySuite - TestBase.java : AfterClass INFO  [TestNG-tests-1] 239 - THE END
11-02-2020 12:01:52.052 MySuite - TestBase.java : AfterClass INFO  [TestNG-tests-1] 243 - TLdriver quit - done
11-02-2020 12:01:54.054 MySuite - TestBase.java : endSuit INFO  [main] 271 - /Users/krish/Automation/Automation-libs/test-output/11022020/AUTOMATION_REPORT.html
11-02-2020 12:44:10.010 lang.Class - RunnerWithAllConnectedDevices.java : main INFO  [main] 120 - <?xml version="1.0" encoding="UTF-8"?>
<!DOCTYPE suite SYSTEM "http://testng.org/testng-1.0.dtd">
<suite thread-count="10" name="MySuite" parallel="tests">
  <test thread-count="10" name="TestFlight_0" parallel="tests">
    <parameter name="udid" value="c96e4f4016966c6b50c39e1168f5535ee1988f40"/>
    <parameter name="platForm" value="IOS"/>
    <classes>
      <class name="other.testcases.TestFlight"/>
    </classes>
  </test> <!-- TestFlight_0 -->
  <test thread-count="10" name="PlayStore_0" parallel="tests">
    <parameter name="udid" value="R58N70GGVZH"/>
    <parameter name="platForm" value="Android"/>
    <classes>
      <class name="other.testcases.PlayStore"/>
    </classes>
  </test> <!-- PlayStore_0 -->
</suite> <!-- MySuite -->

11-02-2020 12:44:20.020 MySuite - TestBase.java : BeforeClass INFO  [TestNG-tests-2] 196 - Test Details : PlaystoreUpdateScript : Android : samsung SM-A515W : R58N70GGVZH
11-02-2020 12:44:25.025 MySuite - TestBase.java : BeforeClass INFO  [TestNG-tests-1] 196 - Test Details : TestFlightUpdateScript : iOS : iPhone 8 : c96e4f4016966c6b50c39e1168f5535ee1988f40
11-02-2020 12:44:41.041 MySuite - BaseObjs.java : logmessage INFO  [TestNG-tests-2] 197 - Left Navigate Button clicked
11-02-2020 12:44:44.044 MySuite - BaseObjs.java : logmessage INFO  [TestNG-tests-2] 197 - 'My apps & games' link clicked
11-02-2020 12:45:00.000 MySuite - BaseObjs.java : logmessage INFO  [TestNG-tests-2] 197 - 'UPDATE ALL' button is NOT FOUND
11-02-2020 12:45:02.002 MySuite - TestBase.java : AfterClass INFO  [TestNG-tests-2] 234 - app close
11-02-2020 12:45:02.002 MySuite - TestBase.java : AfterClass INFO  [TestNG-tests-2] 239 - THE END
11-02-2020 12:45:02.002 MySuite - TestBase.java : AfterClass INFO  [TestNG-tests-2] 243 - TLdriver quit - done
11-02-2020 12:45:28.028 MySuite - BaseObjs.java : logmessage INFO  [TestNG-tests-1] 197 - Verification Success : 'Apps' Vs 'Apps'
11-02-2020 12:45:33.033 MySuite - TestFlight.java : TestFlightUpdateScript INFO  [TestNG-tests-1] 74 - Total 'UPDATE' or 'INSTALL' buttons : 2
11-02-2020 12:45:33.033 MySuite - BaseObjs.java : logmessage INFO  [TestNG-tests-1] 197 - UPDATE- button clicked
11-02-2020 12:45:34.034 MySuite - BaseObjs.java : logmessage INFO  [TestNG-tests-1] 197 - UPDATE- button clicked
11-02-2020 12:45:39.039 MySuite - TestFlight.java : TestFlightUpdateScript INFO  [TestNG-tests-1] 86 - BUILD_NUMBER : null
11-02-2020 12:45:40.040 MySuite - TestBase.java : AfterClass INFO  [TestNG-tests-1] 234 - app close
11-02-2020 12:45:40.040 MySuite - TestBase.java : AfterClass INFO  [TestNG-tests-1] 239 - THE END
11-02-2020 12:45:40.040 MySuite - TestBase.java : AfterClass INFO  [TestNG-tests-1] 243 - TLdriver quit - done
11-02-2020 12:45:43.043 MySuite - TestBase.java : endSuit INFO  [main] 271 - /Users/krish/Automation/Automation-libs/test-output/11022020/AUTOMATION_REPORT.html
11-15-2020 14:07:50.050 lang.Class - TLDriverFactory.java : setDriver INFO  [TestNG-tests-1] 66 - 
Attempted: 56. Failure to find device(Auto), Retrying.....
org.openqa.selenium.SessionNotCreatedException: Unable to create a new remote session. Please check the server log for more details. Original error: An unknown server-side error occurred while processing the command. Original error: Device Auto was not in the list of connected devices
Build info: version: '3.141.59', revision: 'e82be7d358', time: '2018-11-14T08:17:03'
System info: host: 'B06SES20', ip: 'fd00:688f:2ed1:1682:687a:9846:4e5a:134c%en0', os.name: 'Mac OS X', os.arch: 'x86_64', os.version: '10.15.7', java.version: '1.8.0_251'
Driver info: driver.version: AndroidDriver
remote stacktrace: UnknownError: An unknown server-side error occurred while processing the command. Original error: Device Auto was not in the list of connected devices
    at getResponseForW3CError (/usr/local/lib/node_modules/appium/node_modules/appium-base-driver/lib/protocol/errors.js:804:9)
    at asyncHandler (/usr/local/lib/node_modules/appium/node_modules/appium-base-driver/lib/protocol/protocol.js:381:37)
Build info: version: '3.141.59', revision: 'e82be7d358', time: '2018-11-14T08:17:03'
System info: host: 'B06SES20', ip: 'fd00:688f:2ed1:1682:687a:9846:4e5a:134c%en0', os.name: 'Mac OS X', os.arch: 'x86_64', os.version: '10.15.7', java.version: '1.8.0_251'
Driver info: driver.version: AndroidDriver
11-15-2020 14:07:51.051 lang.Class - TLDriverFactory.java : setDriver INFO  [TestNG-tests-1] 66 - 
Attempted: 57. Failure to find device(Auto), Retrying.....
org.openqa.selenium.SessionNotCreatedException: Unable to create a new remote session. Please check the server log for more details. Original error: An unknown server-side error occurred while processing the command. Original error: Device Auto was not in the list of connected devices
Build info: version: '3.141.59', revision: 'e82be7d358', time: '2018-11-14T08:17:03'
System info: host: 'B06SES20', ip: 'fd00:688f:2ed1:1682:687a:9846:4e5a:134c%en0', os.name: 'Mac OS X', os.arch: 'x86_64', os.version: '10.15.7', java.version: '1.8.0_251'
Driver info: driver.version: AndroidDriver
remote stacktrace: UnknownError: An unknown server-side error occurred while processing the command. Original error: Device Auto was not in the list of connected devices
    at getResponseForW3CError (/usr/local/lib/node_modules/appium/node_modules/appium-base-driver/lib/protocol/errors.js:804:9)
    at asyncHandler (/usr/local/lib/node_modules/appium/node_modules/appium-base-driver/lib/protocol/protocol.js:381:37)
Build info: version: '3.141.59', revision: 'e82be7d358', time: '2018-11-14T08:17:03'
System info: host: 'B06SES20', ip: 'fd00:688f:2ed1:1682:687a:9846:4e5a:134c%en0', os.name: 'Mac OS X', os.arch: 'x86_64', os.version: '10.15.7', java.version: '1.8.0_251'
Driver info: driver.version: AndroidDriver
11-15-2020 14:07:52.052 lang.Class - TLDriverFactory.java : setDriver INFO  [TestNG-tests-1] 66 - 
Attempted: 58. Failure to find device(Auto), Retrying.....
org.openqa.selenium.SessionNotCreatedException: Unable to create a new remote session. Please check the server log for more details. Original error: An unknown server-side error occurred while processing the command. Original error: Device Auto was not in the list of connected devices
Build info: version: '3.141.59', revision: 'e82be7d358', time: '2018-11-14T08:17:03'
System info: host: 'B06SES20', ip: 'fd00:688f:2ed1:1682:687a:9846:4e5a:134c%en0', os.name: 'Mac OS X', os.arch: 'x86_64', os.version: '10.15.7', java.version: '1.8.0_251'
Driver info: driver.version: AndroidDriver
remote stacktrace: UnknownError: An unknown server-side error occurred while processing the command. Original error: Device Auto was not in the list of connected devices
    at getResponseForW3CError (/usr/local/lib/node_modules/appium/node_modules/appium-base-driver/lib/protocol/errors.js:804:9)
    at asyncHandler (/usr/local/lib/node_modules/appium/node_modules/appium-base-driver/lib/protocol/protocol.js:381:37)
Build info: version: '3.141.59', revision: 'e82be7d358', time: '2018-11-14T08:17:03'
System info: host: 'B06SES20', ip: 'fd00:688f:2ed1:1682:687a:9846:4e5a:134c%en0', os.name: 'Mac OS X', os.arch: 'x86_64', os.version: '10.15.7', java.version: '1.8.0_251'
Driver info: driver.version: AndroidDriver
11-15-2020 14:07:54.054 lang.Class - TLDriverFactory.java : setDriver INFO  [TestNG-tests-1] 66 - 
Attempted: 59. Failure to find device(Auto), Retrying.....
org.openqa.selenium.SessionNotCreatedException: Unable to create a new remote session. Please check the server log for more details. Original error: An unknown server-side error occurred while processing the command. Original error: Device Auto was not in the list of connected devices
Build info: version: '3.141.59', revision: 'e82be7d358', time: '2018-11-14T08:17:03'
System info: host: 'B06SES20', ip: 'fd00:688f:2ed1:1682:687a:9846:4e5a:134c%en0', os.name: 'Mac OS X', os.arch: 'x86_64', os.version: '10.15.7', java.version: '1.8.0_251'
Driver info: driver.version: AndroidDriver
remote stacktrace: UnknownError: An unknown server-side error occurred while processing the command. Original error: Device Auto was not in the list of connected devices
    at getResponseForW3CError (/usr/local/lib/node_modules/appium/node_modules/appium-base-driver/lib/protocol/errors.js:804:9)
    at asyncHandler (/usr/local/lib/node_modules/appium/node_modules/appium-base-driver/lib/protocol/protocol.js:381:37)
Build info: version: '3.141.59', revision: 'e82be7d358', time: '2018-11-14T08:17:03'
System info: host: 'B06SES20', ip: 'fd00:688f:2ed1:1682:687a:9846:4e5a:134c%en0', os.name: 'Mac OS X', os.arch: 'x86_64', os.version: '10.15.7', java.version: '1.8.0_251'
Driver info: driver.version: AndroidDriver
11-15-2020 14:07:55.055 lang.Class - TLDriverFactory.java : setDriver INFO  [TestNG-tests-1] 66 - 
Attempted: 60. Failure to find device(Auto), Retrying.....
org.openqa.selenium.SessionNotCreatedException: Unable to create a new remote session. Please check the server log for more details. Original error: An unknown server-side error occurred while processing the command. Original error: Device Auto was not in the list of connected devices
Build info: version: '3.141.59', revision: 'e82be7d358', time: '2018-11-14T08:17:03'
System info: host: 'B06SES20', ip: 'fd00:688f:2ed1:1682:687a:9846:4e5a:134c%en0', os.name: 'Mac OS X', os.arch: 'x86_64', os.version: '10.15.7', java.version: '1.8.0_251'
Driver info: driver.version: AndroidDriver
remote stacktrace: UnknownError: An unknown server-side error occurred while processing the command. Original error: Device Auto was not in the list of connected devices
    at getResponseForW3CError (/usr/local/lib/node_modules/appium/node_modules/appium-base-driver/lib/protocol/errors.js:804:9)
    at asyncHandler (/usr/local/lib/node_modules/appium/node_modules/appium-base-driver/lib/protocol/protocol.js:381:37)
Build info: version: '3.141.59', revision: 'e82be7d358', time: '2018-11-14T08:17:03'
System info: host: 'B06SES20', ip: 'fd00:688f:2ed1:1682:687a:9846:4e5a:134c%en0', os.name: 'Mac OS X', os.arch: 'x86_64', os.version: '10.15.7', java.version: '1.8.0_251'
Driver info: driver.version: AndroidDriver
11-15-2020 14:07:56.056 Lucky_PROD_Suite - TestBase.java : BeforeClass ERROR [TestNG-tests-1] 179 - session failed : null
11-15-2020 14:07:56.056 Lucky_PROD_Suite - TestListener.java : onTestSkipped WARN  [TestNG-tests-1] 121 - Test Skipped : TestFlightUpdateScript : Auto_ 
11-15-2020 14:08:01.001 lang.Class - InvokedSuiteListener.java : onFinish INFO  [TestNG-tests-1] 36 - Removing:[TestClass name=class other.testcases.TestFlight]
11-15-2020 14:08:01.001 Lucky_PROD_Suite - TestBase.java : endSuit INFO  [main] 270 - /Users/krish/Automation/Automation-libs/test-output/11152020/AUTOMATION_REPORT.html
11-15-2020 14:13:04.004 Lucky_PROD_Suite - TestBase.java : BeforeClass INFO  [TestNG-tests-1] 195 - Test Details : TestFlightUpdateScript : iOS : iPhone 11 Pro : 00008030-001A550A2643802E
11-15-2020 14:14:07.007 Lucky_PROD_Suite - BaseObjs.java : logmessage INFO  [TestNG-tests-1] 197 - Verification Success : 'Apps' Vs 'Apps'
11-15-2020 14:17:35.035 Lucky_PROD_Suite - TestFlight.java : TestFlightUpdateScript INFO  [TestNG-tests-1] 83 - No 'UPDATE' or 'INSTALL' buttons found
11-15-2020 14:17:35.035 Lucky_PROD_Suite - TestFlight.java : TestFlightUpdateScript INFO  [TestNG-tests-1] 86 - BUILD_NUMBER : null
11-15-2020 14:17:36.036 Lucky_PROD_Suite - TestBase.java : AfterClass INFO  [TestNG-tests-1] 233 - app close
11-15-2020 14:17:36.036 Lucky_PROD_Suite - TestBase.java : AfterClass INFO  [TestNG-tests-1] 238 - THE END
11-15-2020 14:17:36.036 Lucky_PROD_Suite - TestBase.java : AfterClass INFO  [TestNG-tests-1] 242 - TLdriver quit - done
11-15-2020 14:17:43.043 Lucky_PROD_Suite - TestBase.java : endSuit INFO  [main] 270 - /Users/krish/Automation/Automation-libs/test-output/11152020/AUTOMATION_REPORT.html
11-15-2020 14:23:16.016 Lucky_PROD_Suite - TestBase.java : BeforeClass INFO  [TestNG-tests-1] 198 - Test Details : TestFlightUpdateScript : iOS : iPhone 11 Pro : 00008030-001A550A2643802E
11-15-2020 14:24:19.019 Lucky_PROD_Suite - BaseObjs.java : logmessage INFO  [TestNG-tests-1] 197 - Verification Success : 'Apps' Vs 'Apps'
11-15-2020 14:27:46.046 Lucky_PROD_Suite - TestFlight.java : TestFlightUpdateScript INFO  [TestNG-tests-1] 83 - No 'UPDATE' or 'INSTALL' buttons found
11-15-2020 14:27:46.046 Lucky_PROD_Suite - TestFlight.java : TestFlightUpdateScript INFO  [TestNG-tests-1] 86 - BUILD_NUMBER : null
11-15-2020 14:27:47.047 Lucky_PROD_Suite - TestBase.java : AfterClass INFO  [TestNG-tests-1] 236 - app close
11-15-2020 14:27:47.047 Lucky_PROD_Suite - TestBase.java : AfterClass INFO  [TestNG-tests-1] 241 - THE END
11-15-2020 14:27:47.047 Lucky_PROD_Suite - TestBase.java : AfterClass INFO  [TestNG-tests-1] 245 - TLdriver quit - done
11-15-2020 14:27:54.054 Lucky_PROD_Suite - TestBase.java : endSuit INFO  [main] 273 - /Users/krish/Automation/Automation-libs/test-output/11152020/AUTOMATION_REPORT.html
11-15-2020 14:31:11.011 Lucky_PROD_Suite - TestBase.java : BeforeClass INFO  [TestNG-tests-1] 198 - Test Details : TestFlightUpdateScript : iOS : ERROR:DeviceAutonotfound! : 00008030-001A550A2643802E
11-15-2020 14:32:15.015 Lucky_PROD_Suite - BaseObjs.java : logmessage INFO  [TestNG-tests-1] 197 - Verification Success : 'Apps' Vs 'Apps'
11-15-2020 14:35:43.043 Lucky_PROD_Suite - TestFlight.java : TestFlightUpdateScript INFO  [TestNG-tests-1] 83 - No 'UPDATE' or 'INSTALL' buttons found
11-15-2020 14:35:43.043 Lucky_PROD_Suite - TestFlight.java : TestFlightUpdateScript INFO  [TestNG-tests-1] 86 - BUILD_NUMBER : null
11-15-2020 14:35:44.044 Lucky_PROD_Suite - TestBase.java : AfterClass INFO  [TestNG-tests-1] 236 - app close
11-15-2020 14:35:44.044 Lucky_PROD_Suite - TestBase.java : AfterClass INFO  [TestNG-tests-1] 241 - THE END
11-15-2020 14:35:44.044 Lucky_PROD_Suite - TestBase.java : AfterClass INFO  [TestNG-tests-1] 245 - TLdriver quit - done
11-15-2020 14:35:51.051 Lucky_PROD_Suite - TestBase.java : endSuit INFO  [main] 273 - /Users/krish/Automation/Automation-libs/test-output/11152020/AUTOMATION_REPORT.html
11-15-2020 17:59:55.055 DataManager.TestDataManager - TestDataManager.java : getJsonValue ERROR [main] 93 - Data file error..
11-15-2020 18:00:36.036 DataManager.TestDataManager - TestDataManager.java : getJsonValue ERROR [main] 93 - Data file error..
11-16-2020 09:11:08.008 Lucky_PROD_Suite - TestBase.java : setupSuit INFO  [main] 90 - created Folder for Report: /Users/krish/Automation/Automation-libs/test-output/11162020
11-16-2020 09:11:16.016 Lucky_PROD_Suite - TestBase.java : BeforeClass ERROR [TestNG-tests-1] 194 - session failed : Unable to create a new remote session. Please check the server log for more details. Original error: An unknown server-side error occurred while processing the command. Original error: '12.0' does not exist in the list of simctl SDKs. Only the following Simulator SDK versions are available on your system: 14.2, 13.3, 7.0, 13.4, 14.0, 13.5, 13.6, 14.1, 7.1, 13.7, 6.1, 6.2
Build info: version: '3.141.59', revision: 'e82be7d358', time: '2018-11-14T08:17:03'
System info: host: 'B06SES20', ip: 'fd00:688f:2ed1:1682:8924:6730:f779:9557%en0', os.name: 'Mac OS X', os.arch: 'x86_64', os.version: '10.15.7', java.version: '1.8.0_251'
Driver info: driver.version: AppiumDriver
remote stacktrace: UnknownError: An unknown server-side error occurred while processing the command. Original error: '12.0' does not exist in the list of simctl SDKs. Only the following Simulator SDK versions are available on your system: 14.2, 13.3, 7.0, 13.4, 14.0, 13.5, 13.6, 14.1, 7.1, 13.7, 6.1, 6.2
    at getResponseForW3CError (/usr/local/lib/node_modules/appium/node_modules/appium-base-driver/lib/protocol/errors.js:804:9)
    at asyncHandler (/usr/local/lib/node_modules/appium/node_modules/appium-base-driver/lib/protocol/protocol.js:381:37)
Build info: version: '3.141.59', revision: 'e82be7d358', time: '2018-11-14T08:17:03'
System info: host: 'B06SES20', ip: 'fd00:688f:2ed1:1682:8924:6730:f779:9557%en0', os.name: 'Mac OS X', os.arch: 'x86_64', os.version: '10.15.7', java.version: '1.8.0_251'
Driver info: driver.version: AppiumDriver
11-16-2020 09:11:16.016 Lucky_PROD_Suite - TestListener.java : onTestSkipped WARN  [TestNG-tests-1] 121 - Test Skipped : TestFlightUpdateScript : Auto_ERROR:DeviceAutonotfound!
11-16-2020 09:11:17.017 lang.Class - InvokedSuiteListener.java : onFinish INFO  [TestNG-tests-1] 36 - Removing:[TestClass name=class other.testcases.TestFlight]
11-16-2020 09:11:17.017 Lucky_PROD_Suite - TestBase.java : endSuit INFO  [main] 285 - /Users/krish/Automation/Automation-libs/test-output/11162020/AUTOMATION_REPORT.html
11-16-2020 09:12:27.027 Lucky_PROD_Suite - TestBase.java : BeforeClass INFO  [TestNG-tests-1] 210 - Test Details : TestFlightUpdateScript : iOS : ERROR:DeviceAutonotfound! : 00008030-001A550A2643802E
11-16-2020 09:13:30.030 Lucky_PROD_Suite - BaseObjs.java : logmessage INFO  [TestNG-tests-1] 197 - Verification Success : 'Apps' Vs 'Apps'
11-16-2020 09:16:56.056 Lucky_PROD_Suite - TestFlight.java : TestFlightUpdateScript INFO  [TestNG-tests-1] 83 - No 'UPDATE' or 'INSTALL' buttons found
11-16-2020 09:16:56.056 Lucky_PROD_Suite - TestFlight.java : TestFlightUpdateScript INFO  [TestNG-tests-1] 86 - BUILD_NUMBER : null
11-16-2020 09:16:58.058 Lucky_PROD_Suite - TestBase.java : AfterClass INFO  [TestNG-tests-1] 248 - app close
11-16-2020 09:16:58.058 Lucky_PROD_Suite - TestBase.java : AfterClass INFO  [TestNG-tests-1] 253 - THE END
11-16-2020 09:16:58.058 Lucky_PROD_Suite - TestBase.java : AfterClass INFO  [TestNG-tests-1] 257 - TLdriver quit - done
11-16-2020 09:17:05.005 Lucky_PROD_Suite - TestBase.java : endSuit INFO  [main] 285 - /Users/krish/Automation/Automation-libs/test-output/11162020/AUTOMATION_REPORT.html
11-16-2020 10:44:42.042 lang.Class - AppiumManager.java : killPort INFO  [main] 100 - port kill success
11-19-2020 12:55:00.000 lang.Class - AppiumManager.java : killPort INFO  [main] 100 - port kill success
12-23-2020 17:38:35.035 lang.Class - AppiumManager.java : killPort INFO  [main] 100 - port kill success
12-24-2020 12:59:38.038 lang.Class - AppiumManager.java : killPort INFO  [main] 100 - port kill success
12-24-2020 14:03:35.035 lang.Class - AppiumManager.java : killPort INFO  [main] 100 - port kill success
01-03-2021 14:41:50.050 lang.Class - RunnerWithAllConnectedDevices.java : main INFO  [main] 120 - <?xml version="1.0" encoding="UTF-8"?>
<!DOCTYPE suite SYSTEM "http://testng.org/testng-1.0.dtd">
<suite thread-count="10" name="MySuite" parallel="tests">
  <test thread-count="10" name="TestFlight_0" parallel="tests">
    <parameter name="udid" value="00008030-001A550A2643802E"/>
    <parameter name="platForm" value="IOS"/>
    <classes>
      <class name="other.testcases.TestFlight"/>
    </classes>
  </test> <!-- TestFlight_0 -->
</suite> <!-- MySuite -->

01-03-2021 14:41:50.050 MySuite - TestBase.java : setupSuit INFO  [main] 90 - created Folder for Report: /Users/krish/Automation/Automation-libs/test-output/01032021
01-03-2021 14:42:11.011 MySuite - TestBase.java : BeforeClass INFO  [TestNG-tests-1] 210 - Test Details : TestFlightUpdateScript : iOS : iPhone 11 Pro
01-03-2021 14:43:15.015 MySuite - BaseObjs.java : logmessage INFO  [TestNG-tests-1] 197 - Verification Success : 'Apps' Vs 'Apps'
01-03-2021 14:43:56.056 MySuite - TestFlight.java : TestFlightUpdateScript INFO  [TestNG-tests-1] 74 - Total 'UPDATE' or 'INSTALL' buttons : 2
01-03-2021 14:43:57.057 MySuite - BaseObjs.java : logmessage INFO  [TestNG-tests-1] 197 - UPDATE- button clicked
01-03-2021 14:43:58.058 MySuite - BaseObjs.java : logmessage INFO  [TestNG-tests-1] 197 - UPDATE- button clicked
01-03-2021 14:44:03.003 MySuite - TestFlight.java : TestFlightUpdateScript INFO  [TestNG-tests-1] 86 - BUILD_NUMBER : null
01-03-2021 14:44:04.004 MySuite - TestBase.java : AfterClass INFO  [TestNG-tests-1] 248 - app close
01-03-2021 14:44:04.004 MySuite - TestBase.java : AfterClass INFO  [TestNG-tests-1] 253 - THE END
01-03-2021 14:44:04.004 MySuite - TestBase.java : AfterClass INFO  [TestNG-tests-1] 257 - TLdriver quit - done
01-03-2021 14:44:06.006 MySuite - TestBase.java : endSuit INFO  [main] 285 - /Users/krish/Automation/Automation-libs/test-output/01032021/AUTOMATION_REPORT.html
01-05-2021 08:42:06.006 Lucky_PROD_Suite - TestBase.java : setupSuit INFO  [main] 90 - created Folder for Report: /Users/krish/Automation/Automation-libs/test-output/01052021
01-05-2021 08:42:17.017 lang.Class - AppiumManager.java : AppiumService INFO  [TestNG-tests-1] 36 - port : 4723
01-05-2021 08:42:35.035 Lucky_PROD_Suite - TestBase.java : BeforeClass INFO  [TestNG-tests-1] 210 - Test Details : TestFlightUpdateScript : iOS : iPhone 11 Pro
01-05-2021 08:43:38.038 Lucky_PROD_Suite - BaseObjs.java : logmessage INFO  [TestNG-tests-1] 197 - Verification Success : 'Apps' Vs 'Apps'
01-05-2021 08:47:04.004 Lucky_PROD_Suite - TestFlight.java : TestFlightUpdateScript INFO  [TestNG-tests-1] 83 - No 'UPDATE' or 'INSTALL' buttons found
01-05-2021 08:47:04.004 Lucky_PROD_Suite - TestFlight.java : TestFlightUpdateScript INFO  [TestNG-tests-1] 86 - BUILD_NUMBER : null
01-05-2021 08:47:05.005 Lucky_PROD_Suite - TestBase.java : AfterClass INFO  [TestNG-tests-1] 248 - app close
01-05-2021 08:47:05.005 Lucky_PROD_Suite - TestBase.java : AfterClass INFO  [TestNG-tests-1] 253 - THE END
01-05-2021 08:47:05.005 Lucky_PROD_Suite - TestBase.java : AfterClass INFO  [TestNG-tests-1] 257 - TLdriver quit - done
01-05-2021 08:47:13.013 Lucky_PROD_Suite - TestBase.java : endSuit INFO  [main] 285 - /Users/krish/Automation/Automation-libs/test-output/01052021/AUTOMATION_REPORT.html
01-05-2021 08:47:42.042 Lucky_PROD_Suite - TestListener.java : onTestSkipped WARN  [TestNG-tests-1] 189 - Test Skipped : TestFlightUpdateScript : Auto_ERROR:DeviceAutonotfound!
01-05-2021 08:47:47.047 lang.Class - InvokedSuiteListener.java : onFinish INFO  [TestNG-tests-1] 36 - Removing:[TestClass name=class other.testcases.TestFlight]
01-05-2021 08:47:48.048 Lucky_PROD_Suite - TestBase.java : endSuit INFO  [main] 285 - /Users/krish/Automation/Automation-libs/test-output/01052021/AUTOMATION_REPORT.html
01-05-2021 08:50:51.051 Lucky_PROD_Suite - TestBase.java : BeforeClass INFO  [TestNG-tests-1] 210 - Test Details : TestFlightUpdateScript : iOS : iPhone 11 Pro
01-05-2021 08:51:52.052 Lucky_PROD_Suite - BaseObjs.java : logmessage INFO  [TestNG-tests-1] 197 - Verification Success : 'Apps' Vs 'Apps'
01-05-2021 08:55:21.021 Lucky_PROD_Suite - TestFlight.java : TestFlightUpdateScript INFO  [TestNG-tests-1] 83 - No 'UPDATE' or 'INSTALL' buttons found
01-05-2021 08:55:21.021 Lucky_PROD_Suite - TestFlight.java : TestFlightUpdateScript INFO  [TestNG-tests-1] 86 - BUILD_NUMBER : null
01-05-2021 08:55:22.022 Lucky_PROD_Suite - TestBase.java : AfterClass INFO  [TestNG-tests-1] 248 - app close
01-05-2021 08:55:22.022 Lucky_PROD_Suite - TestBase.java : AfterClass INFO  [TestNG-tests-1] 253 - THE END
01-05-2021 08:55:23.023 Lucky_PROD_Suite - TestBase.java : AfterClass INFO  [TestNG-tests-1] 257 - TLdriver quit - done
01-05-2021 08:55:25.025 Lucky_PROD_Suite - TestBase.java : endSuit INFO  [main] 285 - /Users/krish/Automation/Automation-libs/test-output/01052021/AUTOMATION_REPORT.html
01-05-2021 08:55:48.048 Lucky_PROD_Suite - TestListener.java : onTestSkipped WARN  [TestNG-tests-1] 189 - Test Skipped : TestFlightUpdateScript : Auto_ERROR:DeviceAutonotfound!
01-05-2021 08:55:53.053 lang.Class - InvokedSuiteListener.java : onFinish INFO  [TestNG-tests-1] 36 - Removing:[TestClass name=class other.testcases.TestFlight]
01-05-2021 08:55:54.054 Lucky_PROD_Suite - TestBase.java : endSuit INFO  [main] 285 - /Users/krish/Automation/Automation-libs/test-output/01052021/AUTOMATION_REPORT.html
01-05-2021 08:58:39.039 Lucky_PROD_Suite - TestBase.java : BeforeClass INFO  [TestNG-tests-1] 210 - Test Details : TestFlightUpdateScript : iOS : iPhone 11 Pro
01-05-2021 08:58:39.039 Lucky_PROD_Suite - TestListener.java : onTestFailure ERROR [TestNG-tests-1] 132 - Test failed : TestFlightUpdateScript : Auto_ERROR:DeviceAutonotfound!
01-05-2021 08:58:39.039 Lucky_PROD_Suite - TestBase.java : AfterClass INFO  [TestNG-tests-1] 253 - THE END
01-05-2021 08:58:46.046 Lucky_PROD_Suite - TestBase.java : endSuit INFO  [main] 285 - /Users/krish/Automation/Automation-libs/test-output/01052021/AUTOMATION_REPORT.html
01-05-2021 08:59:22.022 Lucky_PROD_Suite - TestBase.java : BeforeClass INFO  [TestNG-tests-1] 210 - Test Details : TestFlightUpdateScript : iOS : iPhone 11 Pro
01-05-2021 09:00:25.025 Lucky_PROD_Suite - BaseObjs.java : logmessage INFO  [TestNG-tests-1] 197 - Verification Success : 'Apps' Vs 'Apps'
01-05-2021 09:03:53.053 Lucky_PROD_Suite - TestFlight.java : TestFlightUpdateScript INFO  [TestNG-tests-1] 83 - No 'UPDATE' or 'INSTALL' buttons found
01-05-2021 09:03:53.053 Lucky_PROD_Suite - TestFlight.java : TestFlightUpdateScript INFO  [TestNG-tests-1] 86 - BUILD_NUMBER : null
01-05-2021 09:03:54.054 Lucky_PROD_Suite - TestBase.java : AfterClass INFO  [TestNG-tests-1] 248 - app close
01-05-2021 09:03:54.054 Lucky_PROD_Suite - TestBase.java : AfterClass INFO  [TestNG-tests-1] 253 - THE END
01-05-2021 09:03:54.054 Lucky_PROD_Suite - TestBase.java : AfterClass INFO  [TestNG-tests-1] 257 - TLdriver quit - done
01-05-2021 09:04:02.002 Lucky_PROD_Suite - TestBase.java : endSuit INFO  [main] 285 - /Users/krish/Automation/Automation-libs/test-output/01052021/AUTOMATION_REPORT.html
01-05-2021 09:04:55.055 Lucky_PROD_Suite - TestBase.java : BeforeClass INFO  [TestNG-tests-1] 210 - Test Details : TestFlightUpdateScript : iOS : iPhone 11 Pro
01-05-2021 09:05:57.057 Lucky_PROD_Suite - BaseObjs.java : logmessage INFO  [TestNG-tests-1] 197 - Verification Success : 'Apps' Vs 'Apps'
01-05-2021 09:09:25.025 Lucky_PROD_Suite - TestFlight.java : TestFlightUpdateScript INFO  [TestNG-tests-1] 83 - No 'UPDATE' or 'INSTALL' buttons found
01-05-2021 09:09:25.025 Lucky_PROD_Suite - TestFlight.java : TestFlightUpdateScript INFO  [TestNG-tests-1] 86 - BUILD_NUMBER : null
01-05-2021 09:09:26.026 Lucky_PROD_Suite - TestBase.java : AfterClass INFO  [TestNG-tests-1] 248 - app close
01-05-2021 09:09:26.026 Lucky_PROD_Suite - TestBase.java : AfterClass INFO  [TestNG-tests-1] 253 - THE END
01-05-2021 09:09:26.026 Lucky_PROD_Suite - TestBase.java : AfterClass INFO  [TestNG-tests-1] 257 - TLdriver quit - done
01-05-2021 09:09:33.033 Lucky_PROD_Suite - TestBase.java : endSuit INFO  [main] 285 - /Users/krish/Automation/Automation-libs/test-output/01052021/AUTOMATION_REPORT.html
01-05-2021 11:35:04.004 lang.Class - AppiumManager.java : killPort INFO  [main] 131 - port kill success
01-05-2021 11:35:19.019 lang.Class - AppiumManager.java : killPort INFO  [main] 131 - port kill success
01-05-2021 11:38:07.007 Lucky_PROD_Suite - TestListener.java : onTestSkipped WARN  [TestNG-tests-1] 189 - Test Skipped : TestFlightUpdateScript : Auto_ERROR:DeviceAutonotfound!
01-05-2021 11:38:12.012 lang.Class - InvokedSuiteListener.java : onFinish INFO  [TestNG-tests-1] 36 - Removing:[TestClass name=class other.testcases.TestFlight]
01-05-2021 11:38:12.012 Lucky_PROD_Suite - TestBase.java : endSuit INFO  [main] 285 - /Users/krish/Automation/Automation-libs/test-output/01052021/AUTOMATION_REPORT.html
01-05-2021 11:41:34.034 lang.Class - AppiumManager.java : AppiumService INFO  [TestNG-tests-1] 75 - Appium server started!
01-05-2021 11:43:51.051 Lucky_PROD_Suite - TestBase.java : BeforeClass ERROR [TestNG-tests-1] 194 - session failed : Unable to create a new remote session. Please check the server log for more details. Original error: An unknown server-side error occurred while processing the command. Original error: The port #8302 is occupied by an other process. You can either quit that process or select another free port.
Build info: version: '3.141.59', revision: 'e82be7d358', time: '2018-11-14T08:17:03'
System info: host: 'B06SES20', ip: 'fd00:688f:2ed1:1682:f423:c28b:ee:7e7f%en0', os.name: 'Mac OS X', os.arch: 'x86_64', os.version: '10.15.7', java.version: '1.8.0_251'
Driver info: driver.version: IOSDriver
remote stacktrace: UnknownError: An unknown server-side error occurred while processing the command. Original error: The port #8302 is occupied by an other process. You can either quit that process or select another free port.
    at getResponseForW3CError (/usr/local/lib/node_modules/appium/node_modules/appium-base-driver/lib/protocol/errors.js:804:9)
    at asyncHandler (/usr/local/lib/node_modules/appium/node_modules/appium-base-driver/lib/protocol/protocol.js:381:37)
Build info: version: '3.141.59', revision: 'e82be7d358', time: '2018-11-14T08:17:03'
System info: host: 'B06SES20', ip: 'fd00:688f:2ed1:1682:f423:c28b:ee:7e7f%en0', os.name: 'Mac OS X', os.arch: 'x86_64', os.version: '10.15.7', java.version: '1.8.0_251'
Driver info: driver.version: IOSDriver
01-05-2021 11:43:51.051 Lucky_PROD_Suite - TestListener.java : onTestSkipped WARN  [TestNG-tests-1] 189 - Test Skipped : TestFlightUpdateScript : Auto_ERROR:DeviceAutonotfound!
01-05-2021 11:43:51.051 lang.Class - InvokedSuiteListener.java : onFinish INFO  [TestNG-tests-1] 36 - Removing:[TestClass name=class other.testcases.TestFlight]
01-05-2021 11:43:52.052 Lucky_PROD_Suite - TestBase.java : endSuit INFO  [main] 285 - /Users/krish/Automation/Automation-libs/test-output/01052021/AUTOMATION_REPORT.html
01-05-2021 11:43:59.059 lang.Class - AppiumManager.java : killPort INFO  [main] 134 - port kill success
01-05-2021 11:43:59.059 Lucky_PROD_Suite - TestBase.java : BeforeClass ERROR [TestNG-tests-1] 194 - session failed : Unable to create a new remote session. Original error: unexpected end of stream on Connection{127.0.0.1:22212, proxy=DIRECT hostAddress=/127.0.0.1:22212 cipherSuite=none protocol=http/1.1}
Build info: version: '3.141.59', revision: 'e82be7d358', time: '2018-11-14T08:17:03'
System info: host: 'B06SES20', ip: 'fd00:688f:2ed1:1682:f423:c28b:ee:7e7f%en0', os.name: 'Mac OS X', os.arch: 'x86_64', os.version: '10.15.7', java.version: '1.8.0_251'
Driver info: driver.version: IOSDriver
01-05-2021 11:43:59.059 Lucky_PROD_Suite - TestListener.java : onTestSkipped WARN  [TestNG-tests-1] 189 - Test Skipped : TestFlightUpdateScript : Auto_ERROR:DeviceAutonotfound!
01-05-2021 11:44:00.000 lang.Class - InvokedSuiteListener.java : onFinish INFO  [TestNG-tests-1] 36 - Removing:[TestClass name=class other.testcases.TestFlight]
01-05-2021 11:44:00.000 Lucky_PROD_Suite - TestBase.java : endSuit INFO  [main] 285 - /Users/krish/Automation/Automation-libs/test-output/01052021/AUTOMATION_REPORT.html
01-05-2021 11:44:07.007 lang.Class - AppiumManager.java : killPort INFO  [main] 134 - port kill success
01-05-2021 11:57:35.035 Lucky_PROD_Suite - TestBase.java : BeforeClass ERROR [TestNG-tests-1] 194 - session failed : Unable to create a new remote session. Please check the server log for more details. Original error: An unknown server-side error occurred while processing the command. Original error: Unable to launch WebDriverAgent because of xcodebuild failure: Command '/bin/bash /usr/local/lib/node_modules/appium/node_modules/appium-webdriveragent/Scripts/carthage-wrapper.sh bootstrap --platform iOS\,tvOS' exited with code 127. Make sure you follow the tutorial at https://github.com/appium/appium-xcuitest-driver/blob/master/docs/real-device-config.md. Try to remove the WebDriverAgentRunner application from the device if it is installed and reboot the device.
Build info: version: '3.141.59', revision: 'e82be7d358', time: '2018-11-14T08:17:03'
System info: host: 'B06SES20', ip: 'fd00:688f:2ed1:1682:f423:c28b:ee:7e7f%en0', os.name: 'Mac OS X', os.arch: 'x86_64', os.version: '10.15.7', java.version: '1.8.0_251'
Driver info: driver.version: IOSDriver
remote stacktrace: UnknownError: An unknown server-side error occurred while processing the command. Original error: Unable to launch WebDriverAgent because of xcodebuild failure: Command '/bin/bash /usr/local/lib/node_modules/appium/node_modules/appium-webdriveragent/Scripts/carthage-wrapper.sh bootstrap --platform iOS\,tvOS' exited with code 127. Make sure you follow the tutorial at https://github.com/appium/appium-xcuitest-driver/blob/master/docs/real-device-config.md. Try to remove the WebDriverAgentRunner application from the device if it is installed and reboot the device.
    at getResponseForW3CError (/usr/local/lib/node_modules/appium/node_modules/appium-base-driver/lib/protocol/errors.js:804:9)
    at asyncHandler (/usr/local/lib/node_modules/appium/node_modules/appium-base-driver/lib/protocol/protocol.js:381:37)
    at runMicrotasks (<anonymous>)
    at runNextTicks (internal/process/task_queues.js:62:5)
    at processImmediate (internal/timers.js:429:9)
Build info: version: '3.141.59', revision: 'e82be7d358', time: '2018-11-14T08:17:03'
System info: host: 'B06SES20', ip: 'fd00:688f:2ed1:1682:f423:c28b:ee:7e7f%en0', os.name: 'Mac OS X', os.arch: 'x86_64', os.version: '10.15.7', java.version: '1.8.0_251'
Driver info: driver.version: IOSDriver
01-05-2021 11:57:35.035 Lucky_PROD_Suite - TestListener.java : onTestSkipped WARN  [TestNG-tests-1] 189 - Test Skipped : TestFlightUpdateScript : Auto_ERROR:DeviceAutonotfound!
01-05-2021 11:57:35.035 lang.Class - InvokedSuiteListener.java : onFinish INFO  [TestNG-tests-1] 36 - Removing:[TestClass name=class other.testcases.TestFlight]
01-05-2021 11:57:36.036 Lucky_PROD_Suite - TestBase.java : endSuit INFO  [main] 285 - /Users/krish/Automation/Automation-libs/test-output/01052021/AUTOMATION_REPORT.html
01-05-2021 11:59:57.057 Lucky_PROD_Suite - TestBase.java : BeforeClass ERROR [TestNG-tests-1] 194 - session failed : Unable to create a new remote session. Please check the server log for more details. Original error: An unknown server-side error occurred while processing the command. Original error: Unable to launch WebDriverAgent because of xcodebuild failure: Command '/bin/bash /usr/local/lib/node_modules/appium/node_modules/appium-webdriveragent/Scripts/carthage-wrapper.sh bootstrap --platform iOS\,tvOS' exited with code 127. Make sure you follow the tutorial at https://github.com/appium/appium-xcuitest-driver/blob/master/docs/real-device-config.md. Try to remove the WebDriverAgentRunner application from the device if it is installed and reboot the device.
Build info: version: '3.141.59', revision: 'e82be7d358', time: '2018-11-14T08:17:03'
System info: host: 'B06SES20', ip: 'fd00:688f:2ed1:1682:f423:c28b:ee:7e7f%en0', os.name: 'Mac OS X', os.arch: 'x86_64', os.version: '10.15.7', java.version: '1.8.0_251'
Driver info: driver.version: IOSDriver
remote stacktrace: UnknownError: An unknown server-side error occurred while processing the command. Original error: Unable to launch WebDriverAgent because of xcodebuild failure: Command '/bin/bash /usr/local/lib/node_modules/appium/node_modules/appium-webdriveragent/Scripts/carthage-wrapper.sh bootstrap --platform iOS\,tvOS' exited with code 127. Make sure you follow the tutorial at https://github.com/appium/appium-xcuitest-driver/blob/master/docs/real-device-config.md. Try to remove the WebDriverAgentRunner application from the device if it is installed and reboot the device.
    at getResponseForW3CError (/usr/local/lib/node_modules/appium/node_modules/appium-base-driver/lib/protocol/errors.js:804:9)
    at asyncHandler (/usr/local/lib/node_modules/appium/node_modules/appium-base-driver/lib/protocol/protocol.js:381:37)
    at runMicrotasks (<anonymous>)
    at runNextTicks (internal/process/task_queues.js:62:5)
    at processImmediate (internal/timers.js:429:9)
Build info: version: '3.141.59', revision: 'e82be7d358', time: '2018-11-14T08:17:03'
System info: host: 'B06SES20', ip: 'fd00:688f:2ed1:1682:f423:c28b:ee:7e7f%en0', os.name: 'Mac OS X', os.arch: 'x86_64', os.version: '10.15.7', java.version: '1.8.0_251'
Driver info: driver.version: IOSDriver
01-05-2021 11:59:57.057 Lucky_PROD_Suite - TestListener.java : onTestSkipped WARN  [TestNG-tests-1] 189 - Test Skipped : TestFlightUpdateScript : Auto_ERROR:DeviceAutonotfound!
01-05-2021 11:59:57.057 lang.Class - InvokedSuiteListener.java : onFinish INFO  [TestNG-tests-1] 36 - Removing:[TestClass name=class other.testcases.TestFlight]
01-05-2021 11:59:57.057 Lucky_PROD_Suite - TestBase.java : endSuit INFO  [main] 285 - /Users/krish/Automation/Automation-libs/test-output/01052021/AUTOMATION_REPORT.html
01-05-2021 12:23:48.048 Lucky_PROD_Suite - TestBase.java : BeforeClass INFO  [TestNG-tests-1] 210 - Test Details : TestFlightUpdateScript : iOS : iPhone 11 Pro
01-05-2021 12:25:45.045 Lucky_PROD_Suite - BaseObjs.java : logmessage INFO  [TestNG-tests-1] 197 - Verification Success : 'Apps' Vs 'Apps'
01-05-2021 12:25:50.050 Lucky_PROD_Suite - TestFlight.java : TestFlightUpdateScript INFO  [TestNG-tests-1] 74 - Total 'UPDATE' or 'INSTALL' buttons : 2
01-05-2021 12:25:51.051 Lucky_PROD_Suite - BaseObjs.java : logmessage INFO  [TestNG-tests-1] 197 - UPDATE- button clicked
01-05-2021 12:25:52.052 Lucky_PROD_Suite - BaseObjs.java : logmessage INFO  [TestNG-tests-1] 197 - UPDATE- button clicked
01-05-2021 12:25:57.057 Lucky_PROD_Suite - TestFlight.java : TestFlightUpdateScript INFO  [TestNG-tests-1] 86 - BUILD_NUMBER : null
01-05-2021 12:25:58.058 Lucky_PROD_Suite - TestBase.java : AfterClass INFO  [TestNG-tests-1] 248 - app close
01-05-2021 12:25:58.058 Lucky_PROD_Suite - TestBase.java : AfterClass INFO  [TestNG-tests-1] 253 - THE END
01-05-2021 12:25:58.058 Lucky_PROD_Suite - TestBase.java : AfterClass INFO  [TestNG-tests-1] 257 - TLdriver quit - done
01-05-2021 12:26:01.001 Lucky_PROD_Suite - TestBase.java : endSuit INFO  [main] 285 - /Users/krish/Automation/Automation-libs/test-output/01052021/AUTOMATION_REPORT.html
01-08-2021 15:35:37.037 Lucky_PROD_Suite - TestBase.java : setupSuit INFO  [main] 90 - created Folder for Report: /Users/krish/Automation/Automation-libs/test-output/01082021
01-08-2021 15:36:00.000 Lucky_PROD_Suite - TestBase.java : BeforeClass INFO  [TestNG-tests-1] 211 - Test Details : TestFlightUpdateScript : iOS : iPhone 12 Pro
01-08-2021 15:37:04.004 Lucky_PROD_Suite - BaseObjs.java : logmessage INFO  [TestNG-tests-1] 197 - Verification Success : 'Apps' Vs 'Apps'
01-08-2021 15:40:32.032 Lucky_PROD_Suite - TestFlight.java : TestFlightUpdateScript INFO  [TestNG-tests-1] 83 - No 'UPDATE' or 'INSTALL' buttons found
01-08-2021 15:40:32.032 Lucky_PROD_Suite - TestFlight.java : TestFlightUpdateScript INFO  [TestNG-tests-1] 86 - BUILD_NUMBER : null
01-08-2021 15:40:33.033 Lucky_PROD_Suite - TestBase.java : AfterClass INFO  [TestNG-tests-1] 249 - app close
01-08-2021 15:40:33.033 Lucky_PROD_Suite - TestBase.java : AfterClass INFO  [TestNG-tests-1] 254 - THE END
01-08-2021 15:40:33.033 Lucky_PROD_Suite - TestBase.java : AfterClass INFO  [TestNG-tests-1] 258 - TLdriver quit - done
01-08-2021 15:40:39.039 Lucky_PROD_Suite - TestBase.java : endSuit INFO  [main] 286 - /Users/krish/Automation/Automation-libs/test-output/01082021/AUTOMATION_REPORT.html
01-08-2021 15:41:46.046 Lucky_PROD_Suite - TestBase.java : BeforeClass INFO  [TestNG-tests-1] 211 - Test Details : TestFlightUpdateScript : iOS : iPhone 12 Pro
01-08-2021 15:42:19.019 Lucky_PROD_Suite - BaseObjs.java : logmessage INFO  [TestNG-tests-1] 216 - Verification Success : 'Apps' Vs 'Apps'
01-08-2021 15:44:16.016 Lucky_PROD_Suite - TestFlight.java : TestFlightUpdateScript INFO  [TestNG-tests-1] 58 - No 'UPDATE' or 'INSTALL' buttons found
01-08-2021 15:44:18.018 Lucky_PROD_Suite - TestBase.java : AfterClass INFO  [TestNG-tests-1] 249 - app close
01-08-2021 15:44:18.018 Lucky_PROD_Suite - TestBase.java : AfterClass INFO  [TestNG-tests-1] 254 - THE END
01-08-2021 15:44:18.018 Lucky_PROD_Suite - TestBase.java : AfterClass INFO  [TestNG-tests-1] 258 - TLdriver quit - done
01-08-2021 15:44:23.023 Lucky_PROD_Suite - TestBase.java : endSuit INFO  [main] 286 - /Users/krish/Automation/Automation-libs/test-output/01082021/AUTOMATION_REPORT.html
01-08-2021 15:47:33.033 lang.Class - RunnerWithAllConnectedDevices.java : testrunner INFO  [TestNG-tests-1] 122 - <?xml version="1.0" encoding="UTF-8"?>
<!DOCTYPE suite SYSTEM "http://testng.org/testng-1.0.dtd">
<suite thread-count="10" name="MySuite" parallel="tests">
  <test thread-count="10" name="TestFlight_0" parallel="tests">
    <parameter name="udid" value="00008101-001C15A20AD2001E"/>
    <parameter name="platForm" value="IOS"/>
    <classes>
      <class name="other.testcases.TestFlight"/>
    </classes>
  </test> <!-- TestFlight_0 -->
  <test thread-count="10" name="PlayStore_0" parallel="tests">
    <parameter name="udid" value="0B271FDD4003AS"/>
    <parameter name="platForm" value="Android"/>
    <classes>
      <class name="other.testcases.PlayStore"/>
    </classes>
  </test> <!-- PlayStore_0 -->
</suite> <!-- MySuite -->

01-08-2021 15:47:51.051 MySuite - TestBase.java : BeforeClass INFO  [TestNG-tests-2] 211 - Test Details : PlaystoreUpdateScript : Android : google Pixel 5
01-08-2021 15:47:56.056 MySuite - TestBase.java : BeforeClass INFO  [TestNG-tests-1] 211 - Test Details : TestFlightUpdateScript : iOS : iPhone 12 Pro
01-08-2021 15:48:10.010 MySuite - BaseObjs.java : logmessage INFO  [TestNG-tests-2] 216 - Left Navigate Button clicked
01-08-2021 15:48:12.012 MySuite - BaseObjs.java : logmessage INFO  [TestNG-tests-2] 216 - 'My apps & games' link clicked
01-08-2021 15:48:28.028 MySuite - BaseObjs.java : logmessage INFO  [TestNG-tests-2] 216 - 'UPDATE ALL' button is NOT FOUND
01-08-2021 15:48:29.029 MySuite - TestBase.java : AfterClass INFO  [TestNG-tests-2] 249 - app close
01-08-2021 15:48:29.029 MySuite - TestBase.java : AfterClass INFO  [TestNG-tests-2] 254 - THE END
01-08-2021 15:48:29.029 MySuite - TestBase.java : AfterClass INFO  [TestNG-tests-2] 258 - TLdriver quit - done
01-08-2021 15:48:29.029 MySuite - BaseObjs.java : logmessage INFO  [TestNG-tests-1] 216 - Verification Success : 'Apps' Vs 'Apps'
01-08-2021 15:50:26.026 MySuite - TestFlight.java : TestFlightUpdateScript INFO  [TestNG-tests-1] 57 - No 'UPDATE' or 'INSTALL' buttons found
01-08-2021 15:50:27.027 MySuite - TestBase.java : AfterClass INFO  [TestNG-tests-1] 249 - app close
01-08-2021 15:50:27.027 MySuite - TestBase.java : AfterClass INFO  [TestNG-tests-1] 254 - THE END
01-08-2021 15:50:27.027 MySuite - TestBase.java : AfterClass INFO  [TestNG-tests-1] 258 - TLdriver quit - done
01-08-2021 15:50:32.032 MySuite - TestBase.java : endSuit INFO  [TestNG-tests-1] 286 - /Users/krish/Automation/Automation-libs/test-output/01082021/AUTOMATION_REPORT.html
01-08-2021 15:53:13.013 lang.Class - RunnerWithAllConnectedDevices.java : testrunner INFO  [TestNG-tests-1] 112 - <?xml version="1.0" encoding="UTF-8"?>
<!DOCTYPE suite SYSTEM "http://testng.org/testng-1.0.dtd">
<suite thread-count="10" name="MySuite" parallel="tests">
  <test thread-count="10" name="TestFlight_0" parallel="tests">
    <parameter name="udid" value="00008101-001C15A20AD2001E"/>
    <parameter name="platForm" value="IOS"/>
    <classes>
      <class name="other.testcases.TestFlight"/>
    </classes>
  </test> <!-- TestFlight_0 -->
  <test thread-count="10" name="PlayStore_0" parallel="tests">
    <parameter name="udid" value="0B271FDD4003AS"/>
    <parameter name="platForm" value="Android"/>
    <classes>
      <class name="other.testcases.PlayStore"/>
    </classes>
  </test> <!-- PlayStore_0 -->
</suite> <!-- MySuite -->

01-08-2021 15:53:30.030 MySuite - TestBase.java : BeforeClass INFO  [TestNG-tests-2] 211 - Test Details : PlaystoreUpdateScript : Android : google Pixel 5
01-08-2021 15:53:34.034 MySuite - TestBase.java : BeforeClass INFO  [TestNG-tests-1] 211 - Test Details : TestFlightUpdateScript : iOS : iPhone 12 Pro
01-08-2021 15:53:49.049 MySuite - BaseObjs.java : logmessage INFO  [TestNG-tests-2] 216 - Left Navigate Button clicked
01-08-2021 15:53:52.052 MySuite - BaseObjs.java : logmessage INFO  [TestNG-tests-2] 216 - 'My apps & games' link clicked
01-08-2021 15:54:07.007 MySuite - BaseObjs.java : logmessage INFO  [TestNG-tests-2] 216 - 'UPDATE ALL' button is NOT FOUND
01-08-2021 15:54:08.008 MySuite - BaseObjs.java : logmessage INFO  [TestNG-tests-1] 216 - Verification Success : 'Apps' Vs 'Apps'
01-08-2021 15:54:08.008 MySuite - TestBase.java : AfterClass INFO  [TestNG-tests-2] 249 - app close
01-08-2021 15:54:08.008 MySuite - TestBase.java : AfterClass INFO  [TestNG-tests-2] 254 - THE END
01-08-2021 15:54:08.008 MySuite - TestBase.java : AfterClass INFO  [TestNG-tests-2] 258 - TLdriver quit - done
01-08-2021 15:56:05.005 MySuite - TestFlight.java : TestFlightUpdateScript INFO  [TestNG-tests-1] 57 - No 'UPDATE' or 'INSTALL' buttons found
01-08-2021 15:56:06.006 MySuite - TestBase.java : AfterClass INFO  [TestNG-tests-1] 249 - app close
01-08-2021 15:56:06.006 MySuite - TestBase.java : AfterClass INFO  [TestNG-tests-1] 254 - THE END
01-08-2021 15:56:06.006 MySuite - TestBase.java : AfterClass INFO  [TestNG-tests-1] 258 - TLdriver quit - done
01-08-2021 15:56:13.013 MySuite - TestBase.java : endSuit INFO  [TestNG-tests-1] 286 - /Users/krish/Automation/Automation-libs/test-output/01082021/AUTOMATION_REPORT.html
01-08-2021 16:02:15.015 lang.Class - RunnerWithAllConnectedDevices.java : testrunner INFO  [TestNG-tests-1] 112 - <?xml version="1.0" encoding="UTF-8"?>
<!DOCTYPE suite SYSTEM "http://testng.org/testng-1.0.dtd">
<suite thread-count="10" name="MySuite" parallel="tests">
  <test thread-count="10" name="TestFlight_0" parallel="tests">
    <parameter name="udid" value="00008101-001C15A20AD2001E"/>
    <parameter name="platForm" value="IOS"/>
    <classes>
      <class name="other.testcases.TestFlight"/>
    </classes>
  </test> <!-- TestFlight_0 -->
  <test thread-count="10" name="PlayStore_0" parallel="tests">
    <parameter name="udid" value="0B271FDD4003AS"/>
    <parameter name="platForm" value="Android"/>
    <classes>
      <class name="other.testcases.PlayStore"/>
    </classes>
  </test> <!-- PlayStore_0 -->
</suite> <!-- MySuite -->

01-08-2021 16:02:32.032 MySuite - TestBase.java : BeforeClass INFO  [TestNG-tests-2] 211 - Test Details : PlaystoreUpdateScript : Android : google Pixel 5
01-08-2021 16:02:37.037 MySuite - TestBase.java : BeforeClass INFO  [TestNG-tests-1] 211 - Test Details : TestFlightUpdateScript : iOS : iPhone 12 Pro
01-08-2021 16:02:51.051 MySuite - BaseObjs.java : logmessage INFO  [TestNG-tests-2] 216 - Left Navigate Button clicked
01-08-2021 16:02:53.053 MySuite - BaseObjs.java : logmessage INFO  [TestNG-tests-2] 216 - 'My apps & games' link clicked
01-08-2021 16:03:09.009 MySuite - BaseObjs.java : logmessage INFO  [TestNG-tests-2] 216 - 'UPDATE ALL' button is NOT FOUND
01-08-2021 16:03:10.010 MySuite - TestBase.java : AfterClass INFO  [TestNG-tests-2] 249 - app close
01-08-2021 16:03:10.010 MySuite - TestBase.java : AfterClass INFO  [TestNG-tests-2] 254 - THE END
01-08-2021 16:03:10.010 MySuite - TestBase.java : AfterClass INFO  [TestNG-tests-2] 258 - TLdriver quit - done
01-08-2021 16:03:11.011 MySuite - BaseObjs.java : logmessage INFO  [TestNG-tests-1] 216 - Verification Success : 'Apps' Vs 'Apps'
01-08-2021 16:05:06.006 MySuite - TestFlight.java : TestFlightUpdateScript INFO  [TestNG-tests-1] 57 - No 'UPDATE' or 'INSTALL' buttons found
01-08-2021 16:05:07.007 MySuite - TestBase.java : AfterClass INFO  [TestNG-tests-1] 249 - app close
01-08-2021 16:05:07.007 MySuite - TestBase.java : AfterClass INFO  [TestNG-tests-1] 254 - THE END
01-08-2021 16:05:07.007 MySuite - TestBase.java : AfterClass INFO  [TestNG-tests-1] 258 - TLdriver quit - done
01-08-2021 16:05:15.015 MySuite - TestBase.java : endSuit INFO  [TestNG-tests-1] 286 - /Users/krish/Automation/Automation-libs/test-output/01082021/AUTOMATION_REPORT.html
01-08-2021 16:09:25.025 lang.Class - RunnerWithAllConnectedDevices.java : testrunner INFO  [TestNG-tests-1] 112 - <?xml version="1.0" encoding="UTF-8"?>
<!DOCTYPE suite SYSTEM "http://testng.org/testng-1.0.dtd">
<suite thread-count="10" name="MySuite" parallel="tests">
  <test thread-count="10" name="TestFlight_0" parallel="tests">
    <parameter name="udid" value="00008101-001C15A20AD2001E"/>
    <parameter name="platForm" value="IOS"/>
    <classes>
      <class name="other.testcases.TestFlight"/>
    </classes>
  </test> <!-- TestFlight_0 -->
  <test thread-count="10" name="PlayStore_0" parallel="tests">
    <parameter name="udid" value="0B271FDD4003AS"/>
    <parameter name="platForm" value="Android"/>
    <classes>
      <class name="other.testcases.PlayStore"/>
    </classes>
  </test> <!-- PlayStore_0 -->
</suite> <!-- MySuite -->

01-08-2021 16:09:42.042 MySuite - TestBase.java : BeforeClass INFO  [TestNG-tests-2] 211 - Test Details : PlaystoreUpdateScript : Android : google Pixel 5
01-08-2021 16:09:46.046 MySuite - TestBase.java : BeforeClass INFO  [TestNG-tests-1] 211 - Test Details : TestFlightUpdateScript : iOS : iPhone 12 Pro
01-08-2021 16:10:01.001 MySuite - BaseObjs.java : logmessage INFO  [TestNG-tests-2] 216 - Left Navigate Button clicked
01-08-2021 16:10:03.003 MySuite - BaseObjs.java : logmessage INFO  [TestNG-tests-2] 216 - 'My apps & games' link clicked
01-08-2021 16:10:19.019 MySuite - BaseObjs.java : logmessage INFO  [TestNG-tests-1] 216 - Verification Success : 'Apps' Vs 'Apps'
01-08-2021 16:10:19.019 MySuite - BaseObjs.java : logmessage INFO  [TestNG-tests-2] 216 - 'UPDATE ALL' button is NOT FOUND
01-08-2021 16:10:19.019 MySuite - TestBase.java : AfterClass INFO  [TestNG-tests-2] 249 - app close
01-08-2021 16:10:19.019 MySuite - TestBase.java : AfterClass INFO  [TestNG-tests-2] 254 - THE END
01-08-2021 16:10:19.019 MySuite - TestBase.java : AfterClass INFO  [TestNG-tests-2] 258 - TLdriver quit - done
01-08-2021 16:12:15.015 MySuite - TestFlight.java : TestFlightUpdateScript INFO  [TestNG-tests-1] 57 - No 'UPDATE' or 'INSTALL' buttons found
01-08-2021 16:12:16.016 MySuite - TestBase.java : AfterClass INFO  [TestNG-tests-1] 249 - app close
01-08-2021 16:12:16.016 MySuite - TestBase.java : AfterClass INFO  [TestNG-tests-1] 254 - THE END
01-08-2021 16:12:17.017 MySuite - TestBase.java : AfterClass INFO  [TestNG-tests-1] 258 - TLdriver quit - done
01-08-2021 16:12:22.022 MySuite - TestBase.java : endSuit INFO  [TestNG-tests-1] 286 - /Users/krish/Automation/Automation-libs/test-output/01082021/AUTOMATION_REPORT.html
01-08-2021 16:14:46.046 lang.Class - RunnerWithAllConnectedDevices.java : testrunner INFO  [TestNG-tests-1] 112 - <?xml version="1.0" encoding="UTF-8"?>
<!DOCTYPE suite SYSTEM "http://testng.org/testng-1.0.dtd">
<suite thread-count="10" name="MySuite" parallel="tests">
  <test thread-count="10" name="TestFlight_0" parallel="tests">
    <parameter name="udid" value="00008101-001C15A20AD2001E"/>
    <parameter name="platForm" value="IOS"/>
    <classes>
      <class name="other.testcases.TestFlight"/>
    </classes>
  </test> <!-- TestFlight_0 -->
  <test thread-count="10" name="PlayStore_0" parallel="tests">
    <parameter name="udid" value="0B271FDD4003AS"/>
    <parameter name="platForm" value="Android"/>
    <classes>
      <class name="other.testcases.PlayStore"/>
    </classes>
  </test> <!-- PlayStore_0 -->
</suite> <!-- MySuite -->

01-08-2021 16:15:03.003 MySuite - TestBase.java : BeforeClass INFO  [TestNG-tests-2] 211 - Test Details : PlaystoreUpdateScript : Android : google Pixel 5
01-08-2021 16:15:06.006 MySuite - TestBase.java : BeforeClass INFO  [TestNG-tests-1] 211 - Test Details : TestFlightUpdateScript : iOS : iPhone 12 Pro
01-08-2021 16:15:22.022 MySuite - BaseObjs.java : logmessage INFO  [TestNG-tests-2] 216 - Left Navigate Button clicked
01-08-2021 16:15:24.024 MySuite - BaseObjs.java : logmessage INFO  [TestNG-tests-2] 216 - 'My apps & games' link clicked
01-08-2021 16:15:39.039 MySuite - BaseObjs.java : logmessage INFO  [TestNG-tests-1] 216 - Verification Success : 'Apps' Vs 'Apps'
01-08-2021 16:15:39.039 MySuite - BaseObjs.java : logmessage INFO  [TestNG-tests-2] 216 - 'UPDATE ALL' button is NOT FOUND
01-08-2021 16:15:40.040 MySuite - TestBase.java : AfterClass INFO  [TestNG-tests-2] 249 - app close
01-08-2021 16:15:40.040 MySuite - TestBase.java : AfterClass INFO  [TestNG-tests-2] 254 - THE END
01-08-2021 16:15:40.040 MySuite - TestBase.java : AfterClass INFO  [TestNG-tests-2] 258 - TLdriver quit - done
01-08-2021 16:17:37.037 MySuite - TestFlight.java : TestFlightUpdateScript INFO  [TestNG-tests-1] 57 - No 'UPDATE' or 'INSTALL' buttons found
01-08-2021 16:17:38.038 MySuite - TestBase.java : AfterClass INFO  [TestNG-tests-1] 249 - app close
01-08-2021 16:17:38.038 MySuite - TestBase.java : AfterClass INFO  [TestNG-tests-1] 254 - THE END
01-08-2021 16:17:38.038 MySuite - TestBase.java : AfterClass INFO  [TestNG-tests-1] 258 - TLdriver quit - done
01-08-2021 16:17:44.044 MySuite - TestBase.java : endSuit INFO  [TestNG-tests-1] 286 - /Users/krish/Automation/Automation-libs/test-output/01082021/AUTOMATION_REPORT.html
01-08-2021 16:20:32.032 lang.Class - RunnerWithAllConnectedDevices.java : testrunner INFO  [TestNG-tests-1] 112 - <?xml version="1.0" encoding="UTF-8"?>
<!DOCTYPE suite SYSTEM "http://testng.org/testng-1.0.dtd">
<suite thread-count="10" name="MySuite" parallel="tests">
  <test thread-count="10" name="PlayStore_0" parallel="tests">
    <parameter name="udid" value="0B271FDD4003AS"/>
    <parameter name="platForm" value="Android"/>
    <classes>
      <class name="other.testcases.PlayStore"/>
    </classes>
  </test> <!-- PlayStore_0 -->
</suite> <!-- MySuite -->

01-08-2021 16:20:38.038 MySuite - TestBase.java : BeforeClass INFO  [TestNG-tests-1] 211 - Test Details : PlaystoreUpdateScript : Android : google Pixel 5
01-08-2021 16:20:57.057 MySuite - BaseObjs.java : logmessage INFO  [TestNG-tests-1] 216 - Left Navigate Button clicked
01-08-2021 16:20:59.059 MySuite - BaseObjs.java : logmessage INFO  [TestNG-tests-1] 216 - 'My apps & games' link clicked
01-08-2021 16:21:15.015 MySuite - BaseObjs.java : logmessage INFO  [TestNG-tests-1] 216 - 'UPDATE ALL' button is NOT FOUND
01-08-2021 16:21:16.016 MySuite - TestBase.java : AfterClass INFO  [TestNG-tests-1] 249 - app close
01-08-2021 16:21:16.016 MySuite - TestBase.java : AfterClass INFO  [TestNG-tests-1] 254 - THE END
01-08-2021 16:21:16.016 MySuite - TestBase.java : AfterClass INFO  [TestNG-tests-1] 258 - TLdriver quit - done
01-08-2021 16:21:21.021 MySuite - TestBase.java : endSuit INFO  [TestNG-tests-1] 286 - /Users/krish/Automation/Automation-libs/test-output/01082021/AUTOMATION_REPORT.html
01-08-2021 16:27:14.014 lang.Class - RunnerWithAllConnectedDevices.java : testrunner INFO  [TestNG-tests-1] 112 - <?xml version="1.0" encoding="UTF-8"?>
<!DOCTYPE suite SYSTEM "http://testng.org/testng-1.0.dtd">
<suite thread-count="10" name="MySuite" parallel="tests">
  <test thread-count="10" name="PlayStore_0" parallel="tests">
    <parameter name="udid" value="0B271FDD4003AS"/>
    <parameter name="platForm" value="Android"/>
    <classes>
      <class name="other.testcases.PlayStore"/>
    </classes>
  </test> <!-- PlayStore_0 -->
</suite> <!-- MySuite -->

01-08-2021 16:27:31.031 MySuite - TestBase.java : BeforeClass INFO  [TestNG-tests-1] 211 - Test Details : PlaystoreUpdateScript : Android : google Pixel 5
01-08-2021 16:27:50.050 MySuite - BaseObjs.java : logmessage INFO  [TestNG-tests-1] 216 - Left Navigate Button clicked
01-08-2021 16:27:52.052 MySuite - BaseObjs.java : logmessage INFO  [TestNG-tests-1] 216 - 'My apps & games' link clicked
01-08-2021 16:28:07.007 MySuite - BaseObjs.java : logmessage INFO  [TestNG-tests-1] 216 - 'UPDATE ALL' button is NOT FOUND
01-08-2021 16:28:08.008 MySuite - TestBase.java : AfterClass INFO  [TestNG-tests-1] 249 - app close
01-08-2021 16:28:08.008 MySuite - TestBase.java : AfterClass INFO  [TestNG-tests-1] 254 - THE END
01-08-2021 16:28:08.008 MySuite - TestBase.java : AfterClass INFO  [TestNG-tests-1] 258 - TLdriver quit - done
01-08-2021 16:28:16.016 MySuite - TestBase.java : endSuit INFO  [TestNG-tests-1] 286 - /Users/krish/Automation/Automation-libs/test-output/01082021/AUTOMATION_REPORT.html
01-08-2021 16:29:24.024 lang.Class - RunnerWithAllConnectedDevices.java : testrunner INFO  [TestNG-tests-1] 112 - <?xml version="1.0" encoding="UTF-8"?>
<!DOCTYPE suite SYSTEM "http://testng.org/testng-1.0.dtd">
<suite thread-count="10" name="MySuite" parallel="tests">
  <test thread-count="10" name="PlayStore_0" parallel="tests">
    <parameter name="udid" value="0B271FDD4003AS"/>
    <parameter name="platForm" value="Android"/>
    <classes>
      <class name="other.testcases.PlayStore"/>
    </classes>
  </test> <!-- PlayStore_0 -->
</suite> <!-- MySuite -->

01-08-2021 16:29:40.040 MySuite - TestBase.java : BeforeClass INFO  [TestNG-tests-1] 211 - Test Details : PlaystoreUpdateScript : Android : google Pixel 5
01-08-2021 16:29:59.059 MySuite - BaseObjs.java : logmessage INFO  [TestNG-tests-1] 216 - Left Navigate Button clicked
01-08-2021 16:30:01.001 MySuite - BaseObjs.java : logmessage INFO  [TestNG-tests-1] 216 - 'My apps & games' link clicked
01-08-2021 16:30:17.017 MySuite - BaseObjs.java : logmessage INFO  [TestNG-tests-1] 216 - 'UPDATE ALL' button is NOT FOUND
01-08-2021 16:30:18.018 MySuite - TestBase.java : AfterClass INFO  [TestNG-tests-1] 249 - app close
01-08-2021 16:30:18.018 MySuite - TestBase.java : AfterClass INFO  [TestNG-tests-1] 254 - THE END
01-08-2021 16:30:18.018 MySuite - TestBase.java : AfterClass INFO  [TestNG-tests-1] 258 - TLdriver quit - done
01-08-2021 16:30:25.025 MySuite - TestBase.java : endSuit INFO  [TestNG-tests-1] 286 - /Users/krish/Automation/Automation-libs/test-output/01082021/AUTOMATION_REPORT.html
01-08-2021 16:38:20.020 lang.Class - RunnerWithAllConnectedDevices.java : testrunner INFO  [TestNG-tests-1] 112 - <?xml version="1.0" encoding="UTF-8"?>
<!DOCTYPE suite SYSTEM "http://testng.org/testng-1.0.dtd">
<suite thread-count="10" name="MySuite" parallel="tests">
  <test thread-count="10" name="PlayStore_0" parallel="tests">
    <parameter name="udid" value="0B271FDD4003AS"/>
    <parameter name="platForm" value="Android"/>
    <classes>
      <class name="other.testcases.PlayStore"/>
    </classes>
  </test> <!-- PlayStore_0 -->
</suite> <!-- MySuite -->

01-08-2021 16:38:37.037 MySuite - TestBase.java : BeforeClass INFO  [TestNG-tests-1] 211 - Test Details : PlaystoreUpdateScript : Android : google Pixel 5
01-08-2021 16:38:56.056 MySuite - BaseObjs.java : logmessage INFO  [TestNG-tests-1] 216 - Left Navigate Button clicked
01-08-2021 16:38:58.058 MySuite - BaseObjs.java : logmessage INFO  [TestNG-tests-1] 216 - 'My apps & games' link clicked
01-08-2021 16:39:13.013 MySuite - BaseObjs.java : logmessage INFO  [TestNG-tests-1] 216 - 'UPDATE ALL' button is NOT FOUND
01-08-2021 16:39:14.014 MySuite - TestBase.java : AfterClass INFO  [TestNG-tests-1] 249 - app close
01-08-2021 16:39:14.014 MySuite - TestBase.java : AfterClass INFO  [TestNG-tests-1] 254 - THE END
01-08-2021 16:39:14.014 MySuite - TestBase.java : AfterClass INFO  [TestNG-tests-1] 258 - TLdriver quit - done
01-08-2021 16:39:21.021 MySuite - TestBase.java : endSuit INFO  [TestNG-tests-1] 286 - /Users/krish/Automation/Automation-libs/test-output/01082021/AUTOMATION_REPORT.html
01-08-2021 16:46:21.021 lang.Class - RunnerWithAllConnectedDevices.java : testrunner INFO  [TestNG-tests-1] 112 - <?xml version="1.0" encoding="UTF-8"?>
<!DOCTYPE suite SYSTEM "http://testng.org/testng-1.0.dtd">
<suite thread-count="10" name="MySuite" parallel="tests">
  <test thread-count="10" name="PlayStore_0" parallel="tests">
    <parameter name="udid" value="0B271FDD4003AS"/>
    <parameter name="platForm" value="Android"/>
    <classes>
      <class name="other.testcases.PlayStore"/>
    </classes>
  </test> <!-- PlayStore_0 -->
</suite> <!-- MySuite -->

01-08-2021 16:46:37.037 MySuite - TestBase.java : BeforeClass INFO  [TestNG-tests-1] 211 - Test Details : PlaystoreUpdateScript : Android : google Pixel 5
01-08-2021 16:46:56.056 MySuite - BaseObjs.java : logmessage INFO  [TestNG-tests-1] 216 - Left Navigate Button clicked
01-08-2021 16:46:58.058 MySuite - BaseObjs.java : logmessage INFO  [TestNG-tests-1] 216 - 'My apps & games' link clicked
01-08-2021 16:47:14.014 MySuite - BaseObjs.java : logmessage INFO  [TestNG-tests-1] 216 - 'UPDATE ALL' button is NOT FOUND
01-08-2021 16:47:15.015 MySuite - TestBase.java : AfterClass INFO  [TestNG-tests-1] 249 - app close
01-08-2021 16:47:15.015 MySuite - TestBase.java : AfterClass INFO  [TestNG-tests-1] 254 - THE END
01-08-2021 16:47:15.015 MySuite - TestBase.java : AfterClass INFO  [TestNG-tests-1] 258 - TLdriver quit - done
01-08-2021 16:47:22.022 MySuite - TestBase.java : endSuit INFO  [TestNG-tests-1] 286 - /Users/krish/Automation/Automation-libs/test-output/01082021/AUTOMATION_REPORT.html
01-08-2021 16:48:06.006 lang.Class - RunnerWithAllConnectedDevices.java : testrunner INFO  [TestNG-tests-1] 112 - <?xml version="1.0" encoding="UTF-8"?>
<!DOCTYPE suite SYSTEM "http://testng.org/testng-1.0.dtd">
<suite thread-count="10" name="MySuite" parallel="tests">
  <test thread-count="10" name="TestFlight_0" parallel="tests">
    <parameter name="udid" value="00008101-001C15A20AD2001E"/>
    <parameter name="platForm" value="IOS"/>
    <classes>
      <class name="other.testcases.TestFlight"/>
    </classes>
  </test> <!-- TestFlight_0 -->
  <test thread-count="10" name="PlayStore_0" parallel="tests">
    <parameter name="udid" value="0B271FDD4003AS"/>
    <parameter name="platForm" value="Android"/>
    <classes>
      <class name="other.testcases.PlayStore"/>
    </classes>
  </test> <!-- PlayStore_0 -->
</suite> <!-- MySuite -->

01-08-2021 16:48:23.023 MySuite - TestBase.java : BeforeClass INFO  [TestNG-tests-2] 211 - Test Details : PlaystoreUpdateScript : Android : google Pixel 5
01-08-2021 16:48:28.028 MySuite - TestBase.java : BeforeClass INFO  [TestNG-tests-1] 211 - Test Details : TestFlightUpdateScript : iOS : iPhone 12 Pro
01-08-2021 16:48:42.042 MySuite - BaseObjs.java : logmessage INFO  [TestNG-tests-2] 216 - Left Navigate Button clicked
01-08-2021 16:48:44.044 MySuite - BaseObjs.java : logmessage INFO  [TestNG-tests-2] 216 - 'My apps & games' link clicked
01-08-2021 16:49:00.000 MySuite - BaseObjs.java : logmessage INFO  [TestNG-tests-2] 216 - 'UPDATE ALL' button is NOT FOUND
01-08-2021 16:49:00.000 MySuite - TestBase.java : AfterClass INFO  [TestNG-tests-2] 249 - app close
01-08-2021 16:49:00.000 MySuite - TestBase.java : AfterClass INFO  [TestNG-tests-2] 254 - THE END
01-08-2021 16:49:00.000 MySuite - TestBase.java : AfterClass INFO  [TestNG-tests-2] 258 - TLdriver quit - done
01-08-2021 16:49:03.003 MySuite - BaseObjs.java : logmessage INFO  [TestNG-tests-1] 216 - Verification Success : 'Apps' Vs 'Apps'
01-08-2021 16:51:00.000 MySuite - TestFlight.java : TestFlightUpdateScript INFO  [TestNG-tests-1] 63 - No 'UPDATE' or 'INSTALL' buttons found
01-08-2021 16:51:01.001 MySuite - TestBase.java : AfterClass INFO  [TestNG-tests-1] 249 - app close
01-08-2021 16:51:01.001 MySuite - TestBase.java : AfterClass INFO  [TestNG-tests-1] 254 - THE END
01-08-2021 16:51:01.001 MySuite - TestBase.java : AfterClass INFO  [TestNG-tests-1] 258 - TLdriver quit - done
01-08-2021 16:51:08.008 MySuite - TestBase.java : endSuit INFO  [TestNG-tests-1] 286 - /Users/krish/Automation/Automation-libs/test-output/01082021/AUTOMATION_REPORT.html
